[2025-12-17 13:09:17] local.ERROR: require(C:\Users\Lukman\Documents\ar\uas-soa-tk-kelompok3-main\gateway-service\bootstrap/../routes/api.php): Failed to open stream: No such file or directory {"exception":"[object] (ErrorException(code: 0): require(C:\\Users\\Lukman\\Documents\\ar\\uas-soa-tk-kelompok3-main\\gateway-service\\bootstrap/../routes/api.php): Failed to open stream: No such file or directory at C:\\Users\\Lukman\\Documents\\ar\\uas-soa-tk-kelompok3-main\\gateway-service\\vendor\\laravel\\framework\\src\\Illuminate\\Routing\\RouteFileRegistrar.php:34)
[stacktrace]
#0 C:\\Users\\Lukman\\Documents\\ar\\uas-soa-tk-kelompok3-main\\gateway-service\\vendor\\laravel\\framework\\src\\Illuminate\\Foundation\\Bootstrap\\HandleExceptions.php(258): Illuminate\\Foundation\\Bootstrap\\HandleExceptions->handleError(2, 'require(C:\\\\User...', 'C:\\\\Users\\\\Lukman...', 34)
#1 C:\\Users\\Lukman\\Documents\\ar\\uas-soa-tk-kelompok3-main\\gateway-service\\vendor\\laravel\\framework\\src\\Illuminate\\Routing\\RouteFileRegistrar.php(34): Illuminate\\Foundation\\Bootstrap\\HandleExceptions->Illuminate\\Foundation\\Bootstrap\\{closure}(2, 'require(C:\\\\User...', 'C:\\\\Users\\\\Lukman...', 34)
#2 C:\\Users\\Lukman\\Documents\\ar\\uas-soa-tk-kelompok3-main\\gateway-service\\vendor\\laravel\\framework\\src\\Illuminate\\Routing\\RouteFileRegistrar.php(34): require('C:\\\\Users\\\\Lukman...')
#3 C:\\Users\\Lukman\\Documents\\ar\\uas-soa-tk-kelompok3-main\\gateway-service\\vendor\\laravel\\framework\\src\\Illuminate\\Routing\\Router.php(526): Illuminate\\Routing\\RouteFileRegistrar->register('C:\\\\Users\\\\Lukman...')
#4 C:\\Users\\Lukman\\Documents\\ar\\uas-soa-tk-kelompok3-main\\gateway-service\\vendor\\laravel\\framework\\src\\Illuminate\\Routing\\Router.php(480): Illuminate\\Routing\\Router->loadRoutes('C:\\\\Users\\\\Lukman...')
#5 C:\\Users\\Lukman\\Documents\\ar\\uas-soa-tk-kelompok3-main\\gateway-service\\vendor\\laravel\\framework\\src\\Illuminate\\Routing\\RouteRegistrar.php(212): Illuminate\\Routing\\Router->group(Array, 'C:\\\\Users\\\\Lukman...')
#6 C:\\Users\\Lukman\\Documents\\ar\\uas-soa-tk-kelompok3-main\\gateway-service\\vendor\\laravel\\framework\\src\\Illuminate\\Foundation\\Configuration\\ApplicationBuilder.php(214): Illuminate\\Routing\\RouteRegistrar->group('C:\\\\Users\\\\Lukman...')
#7 C:\\Users\\Lukman\\Documents\\ar\\uas-soa-tk-kelompok3-main\\gateway-service\\vendor\\laravel\\framework\\src\\Illuminate\\Container\\BoundMethod.php(36): Illuminate\\Foundation\\Configuration\\ApplicationBuilder->Illuminate\\Foundation\\Configuration\\{closure}()
#8 C:\\Users\\Lukman\\Documents\\ar\\uas-soa-tk-kelompok3-main\\gateway-service\\vendor\\laravel\\framework\\src\\Illuminate\\Container\\Util.php(43): Illuminate\\Container\\BoundMethod::Illuminate\\Container\\{closure}()
#9 C:\\Users\\Lukman\\Documents\\ar\\uas-soa-tk-kelompok3-main\\gateway-service\\vendor\\laravel\\framework\\src\\Illuminate\\Container\\BoundMethod.php(84): Illuminate\\Container\\Util::unwrapIfClosure(Object(Closure))
#10 C:\\Users\\Lukman\\Documents\\ar\\uas-soa-tk-kelompok3-main\\gateway-service\\vendor\\laravel\\framework\\src\\Illuminate\\Container\\BoundMethod.php(35): Illuminate\\Container\\BoundMethod::callBoundMethod(Object(Illuminate\\Foundation\\Application), Object(Closure), Object(Closure))
#11 C:\\Users\\Lukman\\Documents\\ar\\uas-soa-tk-kelompok3-main\\gateway-service\\vendor\\laravel\\framework\\src\\Illuminate\\Container\\Container.php(799): Illuminate\\Container\\BoundMethod::call(Object(Illuminate\\Foundation\\Application), Object(Closure), Array, NULL)
#12 C:\\Users\\Lukman\\Documents\\ar\\uas-soa-tk-kelompok3-main\\gateway-service\\vendor\\laravel\\framework\\src\\Illuminate\\Foundation\\Support\\Providers\\RouteServiceProvider.php(162): Illuminate\\Container\\Container->call(Object(Closure))
#13 C:\\Users\\Lukman\\Documents\\ar\\uas-soa-tk-kelompok3-main\\gateway-service\\vendor\\laravel\\framework\\src\\Illuminate\\Foundation\\Support\\Providers\\RouteServiceProvider.php(59): Illuminate\\Foundation\\Support\\Providers\\RouteServiceProvider->loadRoutes()
#14 C:\\Users\\Lukman\\Documents\\ar\\uas-soa-tk-kelompok3-main\\gateway-service\\vendor\\laravel\\framework\\src\\Illuminate\\Container\\BoundMethod.php(36): Illuminate\\Foundation\\Support\\Providers\\RouteServiceProvider->Illuminate\\Foundation\\Support\\Providers\\{closure}()
#15 C:\\Users\\Lukman\\Documents\\ar\\uas-soa-tk-kelompok3-main\\gateway-service\\vendor\\laravel\\framework\\src\\Illuminate\\Container\\Util.php(43): Illuminate\\Container\\BoundMethod::Illuminate\\Container\\{closure}()
#16 C:\\Users\\Lukman\\Documents\\ar\\uas-soa-tk-kelompok3-main\\gateway-service\\vendor\\laravel\\framework\\src\\Illuminate\\Container\\BoundMethod.php(84): Illuminate\\Container\\Util::unwrapIfClosure(Object(Closure))
#17 C:\\Users\\Lukman\\Documents\\ar\\uas-soa-tk-kelompok3-main\\gateway-service\\vendor\\laravel\\framework\\src\\Illuminate\\Container\\BoundMethod.php(35): Illuminate\\Container\\BoundMethod::callBoundMethod(Object(Illuminate\\Foundation\\Application), Object(Closure), Object(Closure))
#18 C:\\Users\\Lukman\\Documents\\ar\\uas-soa-tk-kelompok3-main\\gateway-service\\vendor\\laravel\\framework\\src\\Illuminate\\Container\\Container.php(799): Illuminate\\Container\\BoundMethod::call(Object(Illuminate\\Foundation\\Application), Object(Closure), Array, NULL)
#19 C:\\Users\\Lukman\\Documents\\ar\\uas-soa-tk-kelompok3-main\\gateway-service\\vendor\\laravel\\framework\\src\\Illuminate\\Support\\ServiceProvider.php(150): Illuminate\\Container\\Container->call(Object(Closure))
#20 C:\\Users\\Lukman\\Documents\\ar\\uas-soa-tk-kelompok3-main\\gateway-service\\vendor\\laravel\\framework\\src\\Illuminate\\Foundation\\Application.php(1154): Illuminate\\Support\\ServiceProvider->callBootedCallbacks()
#21 C:\\Users\\Lukman\\Documents\\ar\\uas-soa-tk-kelompok3-main\\gateway-service\\vendor\\laravel\\framework\\src\\Illuminate\\Foundation\\Application.php(1132): Illuminate\\Foundation\\Application->bootProvider(Object(Illuminate\\Foundation\\Support\\Providers\\RouteServiceProvider))
#22 [internal function]: Illuminate\\Foundation\\Application->Illuminate\\Foundation\\{closure}(Object(Illuminate\\Foundation\\Support\\Providers\\RouteServiceProvider), 'Illuminate\\\\Foun...')
#23 C:\\Users\\Lukman\\Documents\\ar\\uas-soa-tk-kelompok3-main\\gateway-service\\vendor\\laravel\\framework\\src\\Illuminate\\Foundation\\Application.php(1131): array_walk(Array, Object(Closure))
#24 C:\\Users\\Lukman\\Documents\\ar\\uas-soa-tk-kelompok3-main\\gateway-service\\vendor\\laravel\\framework\\src\\Illuminate\\Foundation\\Bootstrap\\BootProviders.php(17): Illuminate\\Foundation\\Application->boot()
#25 C:\\Users\\Lukman\\Documents\\ar\\uas-soa-tk-kelompok3-main\\gateway-service\\vendor\\laravel\\framework\\src\\Illuminate\\Foundation\\Application.php(342): Illuminate\\Foundation\\Bootstrap\\BootProviders->bootstrap(Object(Illuminate\\Foundation\\Application))
#26 C:\\Users\\Lukman\\Documents\\ar\\uas-soa-tk-kelompok3-main\\gateway-service\\vendor\\laravel\\framework\\src\\Illuminate\\Foundation\\Console\\Kernel.php(494): Illuminate\\Foundation\\Application->bootstrapWith(Array)
#27 C:\\Users\\Lukman\\Documents\\ar\\uas-soa-tk-kelompok3-main\\gateway-service\\vendor\\laravel\\framework\\src\\Illuminate\\Foundation\\Console\\Kernel.php(196): Illuminate\\Foundation\\Console\\Kernel->bootstrap()
#28 C:\\Users\\Lukman\\Documents\\ar\\uas-soa-tk-kelompok3-main\\gateway-service\\vendor\\laravel\\framework\\src\\Illuminate\\Foundation\\Application.php(1235): Illuminate\\Foundation\\Console\\Kernel->handle(Object(Symfony\\Component\\Console\\Input\\ArgvInput), Object(Symfony\\Component\\Console\\Output\\ConsoleOutput))
#29 C:\\Users\\Lukman\\Documents\\ar\\uas-soa-tk-kelompok3-main\\gateway-service\\artisan(16): Illuminate\\Foundation\\Application->handleCommand(Object(Symfony\\Component\\Console\\Input\\ArgvInput))
#30 {main}
"} 
[2025-12-17 13:13:05] testing.ERROR: Auth guard [sanctum] is not defined. {"correlation_id":"test-correlation-id-12345","exception":"[object] (InvalidArgumentException(code: 0): Auth guard [sanctum] is not defined. at C:\\Users\\Lukman\\Documents\\ar\\uas-soa-tk-kelompok3-main\\gateway-service\\vendor\\laravel\\framework\\src\\Illuminate\\Auth\\AuthManager.php:85)
[stacktrace]
#0 C:\\Users\\Lukman\\Documents\\ar\\uas-soa-tk-kelompok3-main\\gateway-service\\vendor\\laravel\\framework\\src\\Illuminate\\Auth\\AuthManager.php(69): Illuminate\\Auth\\AuthManager->resolve('sanctum')
#1 C:\\Users\\Lukman\\Documents\\ar\\uas-soa-tk-kelompok3-main\\gateway-service\\vendor\\laravel\\framework\\src\\Illuminate\\Auth\\Middleware\\Authenticate.php(82): Illuminate\\Auth\\AuthManager->guard('sanctum')
#2 C:\\Users\\Lukman\\Documents\\ar\\uas-soa-tk-kelompok3-main\\gateway-service\\vendor\\laravel\\framework\\src\\Illuminate\\Auth\\Middleware\\Authenticate.php(61): Illuminate\\Auth\\Middleware\\Authenticate->authenticate(Object(Illuminate\\Http\\Request), Array)
#3 C:\\Users\\Lukman\\Documents\\ar\\uas-soa-tk-kelompok3-main\\gateway-service\\vendor\\laravel\\framework\\src\\Illuminate\\Pipeline\\Pipeline.php(219): Illuminate\\Auth\\Middleware\\Authenticate->handle(Object(Illuminate\\Http\\Request), Object(Closure), 'sanctum')
#4 C:\\Users\\Lukman\\Documents\\ar\\uas-soa-tk-kelompok3-main\\gateway-service\\vendor\\laravel\\framework\\src\\Illuminate\\Pipeline\\Pipeline.php(137): Illuminate\\Pipeline\\Pipeline->Illuminate\\Pipeline\\{closure}(Object(Illuminate\\Http\\Request))
#5 C:\\Users\\Lukman\\Documents\\ar\\uas-soa-tk-kelompok3-main\\gateway-service\\vendor\\laravel\\framework\\src\\Illuminate\\Routing\\Router.php(821): Illuminate\\Pipeline\\Pipeline->then(Object(Closure))
#6 C:\\Users\\Lukman\\Documents\\ar\\uas-soa-tk-kelompok3-main\\gateway-service\\vendor\\laravel\\framework\\src\\Illuminate\\Routing\\Router.php(800): Illuminate\\Routing\\Router->runRouteWithinStack(Object(Illuminate\\Routing\\Route), Object(Illuminate\\Http\\Request))
#7 C:\\Users\\Lukman\\Documents\\ar\\uas-soa-tk-kelompok3-main\\gateway-service\\vendor\\laravel\\framework\\src\\Illuminate\\Routing\\Router.php(764): Illuminate\\Routing\\Router->runRoute(Object(Illuminate\\Http\\Request), Object(Illuminate\\Routing\\Route))
#8 C:\\Users\\Lukman\\Documents\\ar\\uas-soa-tk-kelompok3-main\\gateway-service\\vendor\\laravel\\framework\\src\\Illuminate\\Routing\\Router.php(753): Illuminate\\Routing\\Router->dispatchToRoute(Object(Illuminate\\Http\\Request))
#9 C:\\Users\\Lukman\\Documents\\ar\\uas-soa-tk-kelompok3-main\\gateway-service\\vendor\\laravel\\framework\\src\\Illuminate\\Foundation\\Http\\Kernel.php(200): Illuminate\\Routing\\Router->dispatch(Object(Illuminate\\Http\\Request))
#10 C:\\Users\\Lukman\\Documents\\ar\\uas-soa-tk-kelompok3-main\\gateway-service\\vendor\\laravel\\framework\\src\\Illuminate\\Pipeline\\Pipeline.php(180): Illuminate\\Foundation\\Http\\Kernel->Illuminate\\Foundation\\Http\\{closure}(Object(Illuminate\\Http\\Request))
#11 C:\\Users\\Lukman\\Documents\\ar\\uas-soa-tk-kelompok3-main\\gateway-service\\app\\Http\\Middleware\\CorrelationIdMiddleware.php(24): Illuminate\\Pipeline\\Pipeline->Illuminate\\Pipeline\\{closure}(Object(Illuminate\\Http\\Request))
#12 C:\\Users\\Lukman\\Documents\\ar\\uas-soa-tk-kelompok3-main\\gateway-service\\vendor\\laravel\\framework\\src\\Illuminate\\Pipeline\\Pipeline.php(219): App\\Http\\Middleware\\CorrelationIdMiddleware->handle(Object(Illuminate\\Http\\Request), Object(Closure))
#13 C:\\Users\\Lukman\\Documents\\ar\\uas-soa-tk-kelompok3-main\\gateway-service\\vendor\\laravel\\framework\\src\\Illuminate\\Foundation\\Http\\Middleware\\TransformsRequest.php(21): Illuminate\\Pipeline\\Pipeline->Illuminate\\Pipeline\\{closure}(Object(Illuminate\\Http\\Request))
#14 C:\\Users\\Lukman\\Documents\\ar\\uas-soa-tk-kelompok3-main\\gateway-service\\vendor\\laravel\\framework\\src\\Illuminate\\Foundation\\Http\\Middleware\\ConvertEmptyStringsToNull.php(31): Illuminate\\Foundation\\Http\\Middleware\\TransformsRequest->handle(Object(Illuminate\\Http\\Request), Object(Closure))
#15 C:\\Users\\Lukman\\Documents\\ar\\uas-soa-tk-kelompok3-main\\gateway-service\\vendor\\laravel\\framework\\src\\Illuminate\\Pipeline\\Pipeline.php(219): Illuminate\\Foundation\\Http\\Middleware\\ConvertEmptyStringsToNull->handle(Object(Illuminate\\Http\\Request), Object(Closure))
#16 C:\\Users\\Lukman\\Documents\\ar\\uas-soa-tk-kelompok3-main\\gateway-service\\vendor\\laravel\\framework\\src\\Illuminate\\Foundation\\Http\\Middleware\\TransformsRequest.php(21): Illuminate\\Pipeline\\Pipeline->Illuminate\\Pipeline\\{closure}(Object(Illuminate\\Http\\Request))
#17 C:\\Users\\Lukman\\Documents\\ar\\uas-soa-tk-kelompok3-main\\gateway-service\\vendor\\laravel\\framework\\src\\Illuminate\\Foundation\\Http\\Middleware\\TrimStrings.php(51): Illuminate\\Foundation\\Http\\Middleware\\TransformsRequest->handle(Object(Illuminate\\Http\\Request), Object(Closure))
#18 C:\\Users\\Lukman\\Documents\\ar\\uas-soa-tk-kelompok3-main\\gateway-service\\vendor\\laravel\\framework\\src\\Illuminate\\Pipeline\\Pipeline.php(219): Illuminate\\Foundation\\Http\\Middleware\\TrimStrings->handle(Object(Illuminate\\Http\\Request), Object(Closure))
#19 C:\\Users\\Lukman\\Documents\\ar\\uas-soa-tk-kelompok3-main\\gateway-service\\vendor\\laravel\\framework\\src\\Illuminate\\Http\\Middleware\\ValidatePostSize.php(27): Illuminate\\Pipeline\\Pipeline->Illuminate\\Pipeline\\{closure}(Object(Illuminate\\Http\\Request))
#20 C:\\Users\\Lukman\\Documents\\ar\\uas-soa-tk-kelompok3-main\\gateway-service\\vendor\\laravel\\framework\\src\\Illuminate\\Pipeline\\Pipeline.php(219): Illuminate\\Http\\Middleware\\ValidatePostSize->handle(Object(Illuminate\\Http\\Request), Object(Closure))
#21 C:\\Users\\Lukman\\Documents\\ar\\uas-soa-tk-kelompok3-main\\gateway-service\\vendor\\laravel\\framework\\src\\Illuminate\\Foundation\\Http\\Middleware\\PreventRequestsDuringMaintenance.php(109): Illuminate\\Pipeline\\Pipeline->Illuminate\\Pipeline\\{closure}(Object(Illuminate\\Http\\Request))
#22 C:\\Users\\Lukman\\Documents\\ar\\uas-soa-tk-kelompok3-main\\gateway-service\\vendor\\laravel\\framework\\src\\Illuminate\\Pipeline\\Pipeline.php(219): Illuminate\\Foundation\\Http\\Middleware\\PreventRequestsDuringMaintenance->handle(Object(Illuminate\\Http\\Request), Object(Closure))
#23 C:\\Users\\Lukman\\Documents\\ar\\uas-soa-tk-kelompok3-main\\gateway-service\\vendor\\laravel\\framework\\src\\Illuminate\\Http\\Middleware\\HandleCors.php(61): Illuminate\\Pipeline\\Pipeline->Illuminate\\Pipeline\\{closure}(Object(Illuminate\\Http\\Request))
#24 C:\\Users\\Lukman\\Documents\\ar\\uas-soa-tk-kelompok3-main\\gateway-service\\vendor\\laravel\\framework\\src\\Illuminate\\Pipeline\\Pipeline.php(219): Illuminate\\Http\\Middleware\\HandleCors->handle(Object(Illuminate\\Http\\Request), Object(Closure))
#25 C:\\Users\\Lukman\\Documents\\ar\\uas-soa-tk-kelompok3-main\\gateway-service\\vendor\\laravel\\framework\\src\\Illuminate\\Http\\Middleware\\TrustProxies.php(58): Illuminate\\Pipeline\\Pipeline->Illuminate\\Pipeline\\{closure}(Object(Illuminate\\Http\\Request))
#26 C:\\Users\\Lukman\\Documents\\ar\\uas-soa-tk-kelompok3-main\\gateway-service\\vendor\\laravel\\framework\\src\\Illuminate\\Pipeline\\Pipeline.php(219): Illuminate\\Http\\Middleware\\TrustProxies->handle(Object(Illuminate\\Http\\Request), Object(Closure))
#27 C:\\Users\\Lukman\\Documents\\ar\\uas-soa-tk-kelompok3-main\\gateway-service\\vendor\\laravel\\framework\\src\\Illuminate\\Foundation\\Http\\Middleware\\InvokeDeferredCallbacks.php(22): Illuminate\\Pipeline\\Pipeline->Illuminate\\Pipeline\\{closure}(Object(Illuminate\\Http\\Request))
#28 C:\\Users\\Lukman\\Documents\\ar\\uas-soa-tk-kelompok3-main\\gateway-service\\vendor\\laravel\\framework\\src\\Illuminate\\Pipeline\\Pipeline.php(219): Illuminate\\Foundation\\Http\\Middleware\\InvokeDeferredCallbacks->handle(Object(Illuminate\\Http\\Request), Object(Closure))
#29 C:\\Users\\Lukman\\Documents\\ar\\uas-soa-tk-kelompok3-main\\gateway-service\\vendor\\laravel\\framework\\src\\Illuminate\\Http\\Middleware\\ValidatePathEncoding.php(26): Illuminate\\Pipeline\\Pipeline->Illuminate\\Pipeline\\{closure}(Object(Illuminate\\Http\\Request))
#30 C:\\Users\\Lukman\\Documents\\ar\\uas-soa-tk-kelompok3-main\\gateway-service\\vendor\\laravel\\framework\\src\\Illuminate\\Pipeline\\Pipeline.php(219): Illuminate\\Http\\Middleware\\ValidatePathEncoding->handle(Object(Illuminate\\Http\\Request), Object(Closure))
#31 C:\\Users\\Lukman\\Documents\\ar\\uas-soa-tk-kelompok3-main\\gateway-service\\vendor\\laravel\\framework\\src\\Illuminate\\Pipeline\\Pipeline.php(137): Illuminate\\Pipeline\\Pipeline->Illuminate\\Pipeline\\{closure}(Object(Illuminate\\Http\\Request))
#32 C:\\Users\\Lukman\\Documents\\ar\\uas-soa-tk-kelompok3-main\\gateway-service\\vendor\\laravel\\framework\\src\\Illuminate\\Foundation\\Http\\Kernel.php(175): Illuminate\\Pipeline\\Pipeline->then(Object(Closure))
#33 C:\\Users\\Lukman\\Documents\\ar\\uas-soa-tk-kelompok3-main\\gateway-service\\vendor\\laravel\\framework\\src\\Illuminate\\Foundation\\Http\\Kernel.php(144): Illuminate\\Foundation\\Http\\Kernel->sendRequestThroughRouter(Object(Illuminate\\Http\\Request))
#34 C:\\Users\\Lukman\\Documents\\ar\\uas-soa-tk-kelompok3-main\\gateway-service\\vendor\\laravel\\framework\\src\\Illuminate\\Foundation\\Testing\\Concerns\\MakesHttpRequests.php(607): Illuminate\\Foundation\\Http\\Kernel->handle(Object(Illuminate\\Http\\Request))
#35 C:\\Users\\Lukman\\Documents\\ar\\uas-soa-tk-kelompok3-main\\gateway-service\\vendor\\laravel\\framework\\src\\Illuminate\\Foundation\\Testing\\Concerns\\MakesHttpRequests.php(368): Illuminate\\Foundation\\Testing\\TestCase->call('GET', '/api/gateway/ta...', Array, Array, Array, Array)
#36 C:\\Users\\Lukman\\Documents\\ar\\uas-soa-tk-kelompok3-main\\gateway-service\\tests\\Feature\\GatewayControllerTest.php(33): Illuminate\\Foundation\\Testing\\TestCase->get('/api/gateway/ta...')
#37 C:\\Users\\Lukman\\Documents\\ar\\uas-soa-tk-kelompok3-main\\gateway-service\\vendor\\phpunit\\phpunit\\src\\Framework\\TestCase.php(1657): Tests\\Feature\\GatewayControllerTest->test_gateway_returns_correlation_id_in_response()
#38 C:\\Users\\Lukman\\Documents\\ar\\uas-soa-tk-kelompok3-main\\gateway-service\\vendor\\phpunit\\phpunit\\src\\Framework\\TestCase.php(515): PHPUnit\\Framework\\TestCase->runTest()
#39 C:\\Users\\Lukman\\Documents\\ar\\uas-soa-tk-kelompok3-main\\gateway-service\\vendor\\phpunit\\phpunit\\src\\Framework\\TestRunner\\TestRunner.php(87): PHPUnit\\Framework\\TestCase->runBare()
#40 C:\\Users\\Lukman\\Documents\\ar\\uas-soa-tk-kelompok3-main\\gateway-service\\vendor\\phpunit\\phpunit\\src\\Framework\\TestCase.php(361): PHPUnit\\Framework\\TestRunner->run(Object(Tests\\Feature\\GatewayControllerTest))
#41 C:\\Users\\Lukman\\Documents\\ar\\uas-soa-tk-kelompok3-main\\gateway-service\\vendor\\phpunit\\phpunit\\src\\Framework\\TestSuite.php(369): PHPUnit\\Framework\\TestCase->run()
#42 C:\\Users\\Lukman\\Documents\\ar\\uas-soa-tk-kelompok3-main\\gateway-service\\vendor\\phpunit\\phpunit\\src\\Framework\\TestSuite.php(369): PHPUnit\\Framework\\TestSuite->run()
#43 C:\\Users\\Lukman\\Documents\\ar\\uas-soa-tk-kelompok3-main\\gateway-service\\vendor\\phpunit\\phpunit\\src\\Framework\\TestSuite.php(369): PHPUnit\\Framework\\TestSuite->run()
#44 C:\\Users\\Lukman\\Documents\\ar\\uas-soa-tk-kelompok3-main\\gateway-service\\vendor\\phpunit\\phpunit\\src\\TextUI\\TestRunner.php(64): PHPUnit\\Framework\\TestSuite->run()
#45 C:\\Users\\Lukman\\Documents\\ar\\uas-soa-tk-kelompok3-main\\gateway-service\\vendor\\phpunit\\phpunit\\src\\TextUI\\Application.php(211): PHPUnit\\TextUI\\TestRunner->run(Object(PHPUnit\\TextUI\\Configuration\\Configuration), Object(PHPUnit\\Runner\\ResultCache\\DefaultResultCache), Object(PHPUnit\\Framework\\TestSuite))
#46 C:\\Users\\Lukman\\Documents\\ar\\uas-soa-tk-kelompok3-main\\gateway-service\\vendor\\phpunit\\phpunit\\phpunit(104): PHPUnit\\TextUI\\Application->run(Array)
#47 {main}
"} 
[2025-12-17 13:13:15] testing.ERROR: Auth guard [sanctum] is not defined. {"correlation_id":"975ca75f-a580-450a-a840-5e61da5df835","exception":"[object] (InvalidArgumentException(code: 0): Auth guard [sanctum] is not defined. at C:\\Users\\Lukman\\Documents\\ar\\uas-soa-tk-kelompok3-main\\gateway-service\\vendor\\laravel\\framework\\src\\Illuminate\\Auth\\AuthManager.php:85)
[stacktrace]
#0 C:\\Users\\Lukman\\Documents\\ar\\uas-soa-tk-kelompok3-main\\gateway-service\\vendor\\laravel\\framework\\src\\Illuminate\\Auth\\AuthManager.php(69): Illuminate\\Auth\\AuthManager->resolve('sanctum')
#1 C:\\Users\\Lukman\\Documents\\ar\\uas-soa-tk-kelompok3-main\\gateway-service\\vendor\\laravel\\framework\\src\\Illuminate\\Auth\\Middleware\\Authenticate.php(82): Illuminate\\Auth\\AuthManager->guard('sanctum')
#2 C:\\Users\\Lukman\\Documents\\ar\\uas-soa-tk-kelompok3-main\\gateway-service\\vendor\\laravel\\framework\\src\\Illuminate\\Auth\\Middleware\\Authenticate.php(61): Illuminate\\Auth\\Middleware\\Authenticate->authenticate(Object(Illuminate\\Http\\Request), Array)
#3 C:\\Users\\Lukman\\Documents\\ar\\uas-soa-tk-kelompok3-main\\gateway-service\\vendor\\laravel\\framework\\src\\Illuminate\\Pipeline\\Pipeline.php(219): Illuminate\\Auth\\Middleware\\Authenticate->handle(Object(Illuminate\\Http\\Request), Object(Closure), 'sanctum')
#4 C:\\Users\\Lukman\\Documents\\ar\\uas-soa-tk-kelompok3-main\\gateway-service\\vendor\\laravel\\framework\\src\\Illuminate\\Pipeline\\Pipeline.php(137): Illuminate\\Pipeline\\Pipeline->Illuminate\\Pipeline\\{closure}(Object(Illuminate\\Http\\Request))
#5 C:\\Users\\Lukman\\Documents\\ar\\uas-soa-tk-kelompok3-main\\gateway-service\\vendor\\laravel\\framework\\src\\Illuminate\\Routing\\Router.php(821): Illuminate\\Pipeline\\Pipeline->then(Object(Closure))
#6 C:\\Users\\Lukman\\Documents\\ar\\uas-soa-tk-kelompok3-main\\gateway-service\\vendor\\laravel\\framework\\src\\Illuminate\\Routing\\Router.php(800): Illuminate\\Routing\\Router->runRouteWithinStack(Object(Illuminate\\Routing\\Route), Object(Illuminate\\Http\\Request))
#7 C:\\Users\\Lukman\\Documents\\ar\\uas-soa-tk-kelompok3-main\\gateway-service\\vendor\\laravel\\framework\\src\\Illuminate\\Routing\\Router.php(764): Illuminate\\Routing\\Router->runRoute(Object(Illuminate\\Http\\Request), Object(Illuminate\\Routing\\Route))
#8 C:\\Users\\Lukman\\Documents\\ar\\uas-soa-tk-kelompok3-main\\gateway-service\\vendor\\laravel\\framework\\src\\Illuminate\\Routing\\Router.php(753): Illuminate\\Routing\\Router->dispatchToRoute(Object(Illuminate\\Http\\Request))
#9 C:\\Users\\Lukman\\Documents\\ar\\uas-soa-tk-kelompok3-main\\gateway-service\\vendor\\laravel\\framework\\src\\Illuminate\\Foundation\\Http\\Kernel.php(200): Illuminate\\Routing\\Router->dispatch(Object(Illuminate\\Http\\Request))
#10 C:\\Users\\Lukman\\Documents\\ar\\uas-soa-tk-kelompok3-main\\gateway-service\\vendor\\laravel\\framework\\src\\Illuminate\\Pipeline\\Pipeline.php(180): Illuminate\\Foundation\\Http\\Kernel->Illuminate\\Foundation\\Http\\{closure}(Object(Illuminate\\Http\\Request))
#11 C:\\Users\\Lukman\\Documents\\ar\\uas-soa-tk-kelompok3-main\\gateway-service\\app\\Http\\Middleware\\CorrelationIdMiddleware.php(24): Illuminate\\Pipeline\\Pipeline->Illuminate\\Pipeline\\{closure}(Object(Illuminate\\Http\\Request))
#12 C:\\Users\\Lukman\\Documents\\ar\\uas-soa-tk-kelompok3-main\\gateway-service\\vendor\\laravel\\framework\\src\\Illuminate\\Pipeline\\Pipeline.php(219): App\\Http\\Middleware\\CorrelationIdMiddleware->handle(Object(Illuminate\\Http\\Request), Object(Closure))
#13 C:\\Users\\Lukman\\Documents\\ar\\uas-soa-tk-kelompok3-main\\gateway-service\\vendor\\laravel\\framework\\src\\Illuminate\\Foundation\\Http\\Middleware\\TransformsRequest.php(21): Illuminate\\Pipeline\\Pipeline->Illuminate\\Pipeline\\{closure}(Object(Illuminate\\Http\\Request))
#14 C:\\Users\\Lukman\\Documents\\ar\\uas-soa-tk-kelompok3-main\\gateway-service\\vendor\\laravel\\framework\\src\\Illuminate\\Foundation\\Http\\Middleware\\ConvertEmptyStringsToNull.php(31): Illuminate\\Foundation\\Http\\Middleware\\TransformsRequest->handle(Object(Illuminate\\Http\\Request), Object(Closure))
#15 C:\\Users\\Lukman\\Documents\\ar\\uas-soa-tk-kelompok3-main\\gateway-service\\vendor\\laravel\\framework\\src\\Illuminate\\Pipeline\\Pipeline.php(219): Illuminate\\Foundation\\Http\\Middleware\\ConvertEmptyStringsToNull->handle(Object(Illuminate\\Http\\Request), Object(Closure))
#16 C:\\Users\\Lukman\\Documents\\ar\\uas-soa-tk-kelompok3-main\\gateway-service\\vendor\\laravel\\framework\\src\\Illuminate\\Foundation\\Http\\Middleware\\TransformsRequest.php(21): Illuminate\\Pipeline\\Pipeline->Illuminate\\Pipeline\\{closure}(Object(Illuminate\\Http\\Request))
#17 C:\\Users\\Lukman\\Documents\\ar\\uas-soa-tk-kelompok3-main\\gateway-service\\vendor\\laravel\\framework\\src\\Illuminate\\Foundation\\Http\\Middleware\\TrimStrings.php(51): Illuminate\\Foundation\\Http\\Middleware\\TransformsRequest->handle(Object(Illuminate\\Http\\Request), Object(Closure))
#18 C:\\Users\\Lukman\\Documents\\ar\\uas-soa-tk-kelompok3-main\\gateway-service\\vendor\\laravel\\framework\\src\\Illuminate\\Pipeline\\Pipeline.php(219): Illuminate\\Foundation\\Http\\Middleware\\TrimStrings->handle(Object(Illuminate\\Http\\Request), Object(Closure))
#19 C:\\Users\\Lukman\\Documents\\ar\\uas-soa-tk-kelompok3-main\\gateway-service\\vendor\\laravel\\framework\\src\\Illuminate\\Http\\Middleware\\ValidatePostSize.php(27): Illuminate\\Pipeline\\Pipeline->Illuminate\\Pipeline\\{closure}(Object(Illuminate\\Http\\Request))
#20 C:\\Users\\Lukman\\Documents\\ar\\uas-soa-tk-kelompok3-main\\gateway-service\\vendor\\laravel\\framework\\src\\Illuminate\\Pipeline\\Pipeline.php(219): Illuminate\\Http\\Middleware\\ValidatePostSize->handle(Object(Illuminate\\Http\\Request), Object(Closure))
#21 C:\\Users\\Lukman\\Documents\\ar\\uas-soa-tk-kelompok3-main\\gateway-service\\vendor\\laravel\\framework\\src\\Illuminate\\Foundation\\Http\\Middleware\\PreventRequestsDuringMaintenance.php(109): Illuminate\\Pipeline\\Pipeline->Illuminate\\Pipeline\\{closure}(Object(Illuminate\\Http\\Request))
#22 C:\\Users\\Lukman\\Documents\\ar\\uas-soa-tk-kelompok3-main\\gateway-service\\vendor\\laravel\\framework\\src\\Illuminate\\Pipeline\\Pipeline.php(219): Illuminate\\Foundation\\Http\\Middleware\\PreventRequestsDuringMaintenance->handle(Object(Illuminate\\Http\\Request), Object(Closure))
#23 C:\\Users\\Lukman\\Documents\\ar\\uas-soa-tk-kelompok3-main\\gateway-service\\vendor\\laravel\\framework\\src\\Illuminate\\Http\\Middleware\\HandleCors.php(61): Illuminate\\Pipeline\\Pipeline->Illuminate\\Pipeline\\{closure}(Object(Illuminate\\Http\\Request))
#24 C:\\Users\\Lukman\\Documents\\ar\\uas-soa-tk-kelompok3-main\\gateway-service\\vendor\\laravel\\framework\\src\\Illuminate\\Pipeline\\Pipeline.php(219): Illuminate\\Http\\Middleware\\HandleCors->handle(Object(Illuminate\\Http\\Request), Object(Closure))
#25 C:\\Users\\Lukman\\Documents\\ar\\uas-soa-tk-kelompok3-main\\gateway-service\\vendor\\laravel\\framework\\src\\Illuminate\\Http\\Middleware\\TrustProxies.php(58): Illuminate\\Pipeline\\Pipeline->Illuminate\\Pipeline\\{closure}(Object(Illuminate\\Http\\Request))
#26 C:\\Users\\Lukman\\Documents\\ar\\uas-soa-tk-kelompok3-main\\gateway-service\\vendor\\laravel\\framework\\src\\Illuminate\\Pipeline\\Pipeline.php(219): Illuminate\\Http\\Middleware\\TrustProxies->handle(Object(Illuminate\\Http\\Request), Object(Closure))
#27 C:\\Users\\Lukman\\Documents\\ar\\uas-soa-tk-kelompok3-main\\gateway-service\\vendor\\laravel\\framework\\src\\Illuminate\\Foundation\\Http\\Middleware\\InvokeDeferredCallbacks.php(22): Illuminate\\Pipeline\\Pipeline->Illuminate\\Pipeline\\{closure}(Object(Illuminate\\Http\\Request))
#28 C:\\Users\\Lukman\\Documents\\ar\\uas-soa-tk-kelompok3-main\\gateway-service\\vendor\\laravel\\framework\\src\\Illuminate\\Pipeline\\Pipeline.php(219): Illuminate\\Foundation\\Http\\Middleware\\InvokeDeferredCallbacks->handle(Object(Illuminate\\Http\\Request), Object(Closure))
#29 C:\\Users\\Lukman\\Documents\\ar\\uas-soa-tk-kelompok3-main\\gateway-service\\vendor\\laravel\\framework\\src\\Illuminate\\Http\\Middleware\\ValidatePathEncoding.php(26): Illuminate\\Pipeline\\Pipeline->Illuminate\\Pipeline\\{closure}(Object(Illuminate\\Http\\Request))
#30 C:\\Users\\Lukman\\Documents\\ar\\uas-soa-tk-kelompok3-main\\gateway-service\\vendor\\laravel\\framework\\src\\Illuminate\\Pipeline\\Pipeline.php(219): Illuminate\\Http\\Middleware\\ValidatePathEncoding->handle(Object(Illuminate\\Http\\Request), Object(Closure))
#31 C:\\Users\\Lukman\\Documents\\ar\\uas-soa-tk-kelompok3-main\\gateway-service\\vendor\\laravel\\framework\\src\\Illuminate\\Pipeline\\Pipeline.php(137): Illuminate\\Pipeline\\Pipeline->Illuminate\\Pipeline\\{closure}(Object(Illuminate\\Http\\Request))
#32 C:\\Users\\Lukman\\Documents\\ar\\uas-soa-tk-kelompok3-main\\gateway-service\\vendor\\laravel\\framework\\src\\Illuminate\\Foundation\\Http\\Kernel.php(175): Illuminate\\Pipeline\\Pipeline->then(Object(Closure))
#33 C:\\Users\\Lukman\\Documents\\ar\\uas-soa-tk-kelompok3-main\\gateway-service\\vendor\\laravel\\framework\\src\\Illuminate\\Foundation\\Http\\Kernel.php(144): Illuminate\\Foundation\\Http\\Kernel->sendRequestThroughRouter(Object(Illuminate\\Http\\Request))
#34 C:\\Users\\Lukman\\Documents\\ar\\uas-soa-tk-kelompok3-main\\gateway-service\\vendor\\laravel\\framework\\src\\Illuminate\\Foundation\\Testing\\Concerns\\MakesHttpRequests.php(607): Illuminate\\Foundation\\Http\\Kernel->handle(Object(Illuminate\\Http\\Request))
#35 C:\\Users\\Lukman\\Documents\\ar\\uas-soa-tk-kelompok3-main\\gateway-service\\vendor\\laravel\\framework\\src\\Illuminate\\Foundation\\Testing\\Concerns\\MakesHttpRequests.php(368): Illuminate\\Foundation\\Testing\\TestCase->call('GET', '/api/gateway/ta...', Array, Array, Array, Array)
#36 C:\\Users\\Lukman\\Documents\\ar\\uas-soa-tk-kelompok3-main\\gateway-service\\tests\\Feature\\GatewayControllerTest.php(48): Illuminate\\Foundation\\Testing\\TestCase->get('/api/gateway/ta...')
#37 C:\\Users\\Lukman\\Documents\\ar\\uas-soa-tk-kelompok3-main\\gateway-service\\vendor\\phpunit\\phpunit\\src\\Framework\\TestCase.php(1657): Tests\\Feature\\GatewayControllerTest->test_gateway_handles_user_service_failure()
#38 C:\\Users\\Lukman\\Documents\\ar\\uas-soa-tk-kelompok3-main\\gateway-service\\vendor\\phpunit\\phpunit\\src\\Framework\\TestCase.php(515): PHPUnit\\Framework\\TestCase->runTest()
#39 C:\\Users\\Lukman\\Documents\\ar\\uas-soa-tk-kelompok3-main\\gateway-service\\vendor\\phpunit\\phpunit\\src\\Framework\\TestRunner\\TestRunner.php(87): PHPUnit\\Framework\\TestCase->runBare()
#40 C:\\Users\\Lukman\\Documents\\ar\\uas-soa-tk-kelompok3-main\\gateway-service\\vendor\\phpunit\\phpunit\\src\\Framework\\TestCase.php(361): PHPUnit\\Framework\\TestRunner->run(Object(Tests\\Feature\\GatewayControllerTest))
#41 C:\\Users\\Lukman\\Documents\\ar\\uas-soa-tk-kelompok3-main\\gateway-service\\vendor\\phpunit\\phpunit\\src\\Framework\\TestSuite.php(369): PHPUnit\\Framework\\TestCase->run()
#42 C:\\Users\\Lukman\\Documents\\ar\\uas-soa-tk-kelompok3-main\\gateway-service\\vendor\\phpunit\\phpunit\\src\\Framework\\TestSuite.php(369): PHPUnit\\Framework\\TestSuite->run()
#43 C:\\Users\\Lukman\\Documents\\ar\\uas-soa-tk-kelompok3-main\\gateway-service\\vendor\\phpunit\\phpunit\\src\\Framework\\TestSuite.php(369): PHPUnit\\Framework\\TestSuite->run()
#44 C:\\Users\\Lukman\\Documents\\ar\\uas-soa-tk-kelompok3-main\\gateway-service\\vendor\\phpunit\\phpunit\\src\\TextUI\\TestRunner.php(64): PHPUnit\\Framework\\TestSuite->run()
#45 C:\\Users\\Lukman\\Documents\\ar\\uas-soa-tk-kelompok3-main\\gateway-service\\vendor\\phpunit\\phpunit\\src\\TextUI\\Application.php(211): PHPUnit\\TextUI\\TestRunner->run(Object(PHPUnit\\TextUI\\Configuration\\Configuration), Object(PHPUnit\\Runner\\ResultCache\\DefaultResultCache), Object(PHPUnit\\Framework\\TestSuite))
#46 C:\\Users\\Lukman\\Documents\\ar\\uas-soa-tk-kelompok3-main\\gateway-service\\vendor\\phpunit\\phpunit\\phpunit(104): PHPUnit\\TextUI\\Application->run(Array)
#47 {main}
"} 
[2025-12-17 13:40:02] testing.ERROR: Route [login] not defined. {"correlation_id":"ee737481-d4ec-432d-8207-b368e03b1798","exception":"[object] (Symfony\\Component\\Routing\\Exception\\RouteNotFoundException(code: 0): Route [login] not defined. at C:\\Users\\Lukman\\Documents\\ar\\uas-soa-tk-kelompok3-main\\gateway-service\\vendor\\laravel\\framework\\src\\Illuminate\\Routing\\UrlGenerator.php:526)
[stacktrace]
#0 C:\\Users\\Lukman\\Documents\\ar\\uas-soa-tk-kelompok3-main\\gateway-service\\vendor\\laravel\\framework\\src\\Illuminate\\Foundation\\helpers.php(871): Illuminate\\Routing\\UrlGenerator->route('login', Array, true)
#1 C:\\Users\\Lukman\\Documents\\ar\\uas-soa-tk-kelompok3-main\\gateway-service\\vendor\\laravel\\framework\\src\\Illuminate\\Foundation\\Configuration\\ApplicationBuilder.php(278): route('login')
#2 [internal function]: Illuminate\\Foundation\\Configuration\\ApplicationBuilder->Illuminate\\Foundation\\Configuration\\{closure}(Object(Illuminate\\Http\\Request))
#3 C:\\Users\\Lukman\\Documents\\ar\\uas-soa-tk-kelompok3-main\\gateway-service\\vendor\\laravel\\framework\\src\\Illuminate\\Auth\\Middleware\\Authenticate.php(117): call_user_func(Object(Closure), Object(Illuminate\\Http\\Request))
#4 C:\\Users\\Lukman\\Documents\\ar\\uas-soa-tk-kelompok3-main\\gateway-service\\vendor\\laravel\\framework\\src\\Illuminate\\Auth\\Middleware\\Authenticate.php(104): Illuminate\\Auth\\Middleware\\Authenticate->redirectTo(Object(Illuminate\\Http\\Request))
#5 C:\\Users\\Lukman\\Documents\\ar\\uas-soa-tk-kelompok3-main\\gateway-service\\vendor\\laravel\\framework\\src\\Illuminate\\Auth\\Middleware\\Authenticate.php(87): Illuminate\\Auth\\Middleware\\Authenticate->unauthenticated(Object(Illuminate\\Http\\Request), Array)
#6 C:\\Users\\Lukman\\Documents\\ar\\uas-soa-tk-kelompok3-main\\gateway-service\\vendor\\laravel\\framework\\src\\Illuminate\\Auth\\Middleware\\Authenticate.php(61): Illuminate\\Auth\\Middleware\\Authenticate->authenticate(Object(Illuminate\\Http\\Request), Array)
#7 C:\\Users\\Lukman\\Documents\\ar\\uas-soa-tk-kelompok3-main\\gateway-service\\vendor\\laravel\\framework\\src\\Illuminate\\Pipeline\\Pipeline.php(219): Illuminate\\Auth\\Middleware\\Authenticate->handle(Object(Illuminate\\Http\\Request), Object(Closure), 'api')
#8 C:\\Users\\Lukman\\Documents\\ar\\uas-soa-tk-kelompok3-main\\gateway-service\\vendor\\laravel\\framework\\src\\Illuminate\\Pipeline\\Pipeline.php(137): Illuminate\\Pipeline\\Pipeline->Illuminate\\Pipeline\\{closure}(Object(Illuminate\\Http\\Request))
#9 C:\\Users\\Lukman\\Documents\\ar\\uas-soa-tk-kelompok3-main\\gateway-service\\vendor\\laravel\\framework\\src\\Illuminate\\Routing\\Router.php(821): Illuminate\\Pipeline\\Pipeline->then(Object(Closure))
#10 C:\\Users\\Lukman\\Documents\\ar\\uas-soa-tk-kelompok3-main\\gateway-service\\vendor\\laravel\\framework\\src\\Illuminate\\Routing\\Router.php(800): Illuminate\\Routing\\Router->runRouteWithinStack(Object(Illuminate\\Routing\\Route), Object(Illuminate\\Http\\Request))
#11 C:\\Users\\Lukman\\Documents\\ar\\uas-soa-tk-kelompok3-main\\gateway-service\\vendor\\laravel\\framework\\src\\Illuminate\\Routing\\Router.php(764): Illuminate\\Routing\\Router->runRoute(Object(Illuminate\\Http\\Request), Object(Illuminate\\Routing\\Route))
#12 C:\\Users\\Lukman\\Documents\\ar\\uas-soa-tk-kelompok3-main\\gateway-service\\vendor\\laravel\\framework\\src\\Illuminate\\Routing\\Router.php(753): Illuminate\\Routing\\Router->dispatchToRoute(Object(Illuminate\\Http\\Request))
#13 C:\\Users\\Lukman\\Documents\\ar\\uas-soa-tk-kelompok3-main\\gateway-service\\vendor\\laravel\\framework\\src\\Illuminate\\Foundation\\Http\\Kernel.php(200): Illuminate\\Routing\\Router->dispatch(Object(Illuminate\\Http\\Request))
#14 C:\\Users\\Lukman\\Documents\\ar\\uas-soa-tk-kelompok3-main\\gateway-service\\vendor\\laravel\\framework\\src\\Illuminate\\Pipeline\\Pipeline.php(180): Illuminate\\Foundation\\Http\\Kernel->Illuminate\\Foundation\\Http\\{closure}(Object(Illuminate\\Http\\Request))
#15 C:\\Users\\Lukman\\Documents\\ar\\uas-soa-tk-kelompok3-main\\gateway-service\\app\\Http\\Middleware\\CorrelationIdMiddleware.php(24): Illuminate\\Pipeline\\Pipeline->Illuminate\\Pipeline\\{closure}(Object(Illuminate\\Http\\Request))
#16 C:\\Users\\Lukman\\Documents\\ar\\uas-soa-tk-kelompok3-main\\gateway-service\\vendor\\laravel\\framework\\src\\Illuminate\\Pipeline\\Pipeline.php(219): App\\Http\\Middleware\\CorrelationIdMiddleware->handle(Object(Illuminate\\Http\\Request), Object(Closure))
#17 C:\\Users\\Lukman\\Documents\\ar\\uas-soa-tk-kelompok3-main\\gateway-service\\vendor\\laravel\\framework\\src\\Illuminate\\Foundation\\Http\\Middleware\\TransformsRequest.php(21): Illuminate\\Pipeline\\Pipeline->Illuminate\\Pipeline\\{closure}(Object(Illuminate\\Http\\Request))
#18 C:\\Users\\Lukman\\Documents\\ar\\uas-soa-tk-kelompok3-main\\gateway-service\\vendor\\laravel\\framework\\src\\Illuminate\\Foundation\\Http\\Middleware\\ConvertEmptyStringsToNull.php(31): Illuminate\\Foundation\\Http\\Middleware\\TransformsRequest->handle(Object(Illuminate\\Http\\Request), Object(Closure))
#19 C:\\Users\\Lukman\\Documents\\ar\\uas-soa-tk-kelompok3-main\\gateway-service\\vendor\\laravel\\framework\\src\\Illuminate\\Pipeline\\Pipeline.php(219): Illuminate\\Foundation\\Http\\Middleware\\ConvertEmptyStringsToNull->handle(Object(Illuminate\\Http\\Request), Object(Closure))
#20 C:\\Users\\Lukman\\Documents\\ar\\uas-soa-tk-kelompok3-main\\gateway-service\\vendor\\laravel\\framework\\src\\Illuminate\\Foundation\\Http\\Middleware\\TransformsRequest.php(21): Illuminate\\Pipeline\\Pipeline->Illuminate\\Pipeline\\{closure}(Object(Illuminate\\Http\\Request))
#21 C:\\Users\\Lukman\\Documents\\ar\\uas-soa-tk-kelompok3-main\\gateway-service\\vendor\\laravel\\framework\\src\\Illuminate\\Foundation\\Http\\Middleware\\TrimStrings.php(51): Illuminate\\Foundation\\Http\\Middleware\\TransformsRequest->handle(Object(Illuminate\\Http\\Request), Object(Closure))
#22 C:\\Users\\Lukman\\Documents\\ar\\uas-soa-tk-kelompok3-main\\gateway-service\\vendor\\laravel\\framework\\src\\Illuminate\\Pipeline\\Pipeline.php(219): Illuminate\\Foundation\\Http\\Middleware\\TrimStrings->handle(Object(Illuminate\\Http\\Request), Object(Closure))
#23 C:\\Users\\Lukman\\Documents\\ar\\uas-soa-tk-kelompok3-main\\gateway-service\\vendor\\laravel\\framework\\src\\Illuminate\\Http\\Middleware\\ValidatePostSize.php(27): Illuminate\\Pipeline\\Pipeline->Illuminate\\Pipeline\\{closure}(Object(Illuminate\\Http\\Request))
#24 C:\\Users\\Lukman\\Documents\\ar\\uas-soa-tk-kelompok3-main\\gateway-service\\vendor\\laravel\\framework\\src\\Illuminate\\Pipeline\\Pipeline.php(219): Illuminate\\Http\\Middleware\\ValidatePostSize->handle(Object(Illuminate\\Http\\Request), Object(Closure))
#25 C:\\Users\\Lukman\\Documents\\ar\\uas-soa-tk-kelompok3-main\\gateway-service\\vendor\\laravel\\framework\\src\\Illuminate\\Foundation\\Http\\Middleware\\PreventRequestsDuringMaintenance.php(109): Illuminate\\Pipeline\\Pipeline->Illuminate\\Pipeline\\{closure}(Object(Illuminate\\Http\\Request))
#26 C:\\Users\\Lukman\\Documents\\ar\\uas-soa-tk-kelompok3-main\\gateway-service\\vendor\\laravel\\framework\\src\\Illuminate\\Pipeline\\Pipeline.php(219): Illuminate\\Foundation\\Http\\Middleware\\PreventRequestsDuringMaintenance->handle(Object(Illuminate\\Http\\Request), Object(Closure))
#27 C:\\Users\\Lukman\\Documents\\ar\\uas-soa-tk-kelompok3-main\\gateway-service\\vendor\\laravel\\framework\\src\\Illuminate\\Http\\Middleware\\HandleCors.php(61): Illuminate\\Pipeline\\Pipeline->Illuminate\\Pipeline\\{closure}(Object(Illuminate\\Http\\Request))
#28 C:\\Users\\Lukman\\Documents\\ar\\uas-soa-tk-kelompok3-main\\gateway-service\\vendor\\laravel\\framework\\src\\Illuminate\\Pipeline\\Pipeline.php(219): Illuminate\\Http\\Middleware\\HandleCors->handle(Object(Illuminate\\Http\\Request), Object(Closure))
#29 C:\\Users\\Lukman\\Documents\\ar\\uas-soa-tk-kelompok3-main\\gateway-service\\vendor\\laravel\\framework\\src\\Illuminate\\Http\\Middleware\\TrustProxies.php(58): Illuminate\\Pipeline\\Pipeline->Illuminate\\Pipeline\\{closure}(Object(Illuminate\\Http\\Request))
#30 C:\\Users\\Lukman\\Documents\\ar\\uas-soa-tk-kelompok3-main\\gateway-service\\vendor\\laravel\\framework\\src\\Illuminate\\Pipeline\\Pipeline.php(219): Illuminate\\Http\\Middleware\\TrustProxies->handle(Object(Illuminate\\Http\\Request), Object(Closure))
#31 C:\\Users\\Lukman\\Documents\\ar\\uas-soa-tk-kelompok3-main\\gateway-service\\vendor\\laravel\\framework\\src\\Illuminate\\Foundation\\Http\\Middleware\\InvokeDeferredCallbacks.php(22): Illuminate\\Pipeline\\Pipeline->Illuminate\\Pipeline\\{closure}(Object(Illuminate\\Http\\Request))
#32 C:\\Users\\Lukman\\Documents\\ar\\uas-soa-tk-kelompok3-main\\gateway-service\\vendor\\laravel\\framework\\src\\Illuminate\\Pipeline\\Pipeline.php(219): Illuminate\\Foundation\\Http\\Middleware\\InvokeDeferredCallbacks->handle(Object(Illuminate\\Http\\Request), Object(Closure))
#33 C:\\Users\\Lukman\\Documents\\ar\\uas-soa-tk-kelompok3-main\\gateway-service\\vendor\\laravel\\framework\\src\\Illuminate\\Http\\Middleware\\ValidatePathEncoding.php(26): Illuminate\\Pipeline\\Pipeline->Illuminate\\Pipeline\\{closure}(Object(Illuminate\\Http\\Request))
#34 C:\\Users\\Lukman\\Documents\\ar\\uas-soa-tk-kelompok3-main\\gateway-service\\vendor\\laravel\\framework\\src\\Illuminate\\Pipeline\\Pipeline.php(219): Illuminate\\Http\\Middleware\\ValidatePathEncoding->handle(Object(Illuminate\\Http\\Request), Object(Closure))
#35 C:\\Users\\Lukman\\Documents\\ar\\uas-soa-tk-kelompok3-main\\gateway-service\\vendor\\laravel\\framework\\src\\Illuminate\\Pipeline\\Pipeline.php(137): Illuminate\\Pipeline\\Pipeline->Illuminate\\Pipeline\\{closure}(Object(Illuminate\\Http\\Request))
#36 C:\\Users\\Lukman\\Documents\\ar\\uas-soa-tk-kelompok3-main\\gateway-service\\vendor\\laravel\\framework\\src\\Illuminate\\Foundation\\Http\\Kernel.php(175): Illuminate\\Pipeline\\Pipeline->then(Object(Closure))
#37 C:\\Users\\Lukman\\Documents\\ar\\uas-soa-tk-kelompok3-main\\gateway-service\\vendor\\laravel\\framework\\src\\Illuminate\\Foundation\\Http\\Kernel.php(144): Illuminate\\Foundation\\Http\\Kernel->sendRequestThroughRouter(Object(Illuminate\\Http\\Request))
#38 C:\\Users\\Lukman\\Documents\\ar\\uas-soa-tk-kelompok3-main\\gateway-service\\vendor\\laravel\\framework\\src\\Illuminate\\Foundation\\Testing\\Concerns\\MakesHttpRequests.php(607): Illuminate\\Foundation\\Http\\Kernel->handle(Object(Illuminate\\Http\\Request))
#39 C:\\Users\\Lukman\\Documents\\ar\\uas-soa-tk-kelompok3-main\\gateway-service\\vendor\\laravel\\framework\\src\\Illuminate\\Foundation\\Testing\\Concerns\\MakesHttpRequests.php(368): Illuminate\\Foundation\\Testing\\TestCase->call('GET', '/api/gateway/my...', Array, Array, Array, Array)
#40 C:\\Users\\Lukman\\Documents\\ar\\uas-soa-tk-kelompok3-main\\gateway-service\\tests\\Feature\\GatewayControllerTest.php(169): Illuminate\\Foundation\\Testing\\TestCase->get('/api/gateway/my...')
#41 C:\\Users\\Lukman\\Documents\\ar\\uas-soa-tk-kelompok3-main\\gateway-service\\vendor\\phpunit\\phpunit\\src\\Framework\\TestCase.php(1657): Tests\\Feature\\GatewayControllerTest->test_gateway_requires_authentication()
#42 C:\\Users\\Lukman\\Documents\\ar\\uas-soa-tk-kelompok3-main\\gateway-service\\vendor\\phpunit\\phpunit\\src\\Framework\\TestCase.php(515): PHPUnit\\Framework\\TestCase->runTest()
#43 C:\\Users\\Lukman\\Documents\\ar\\uas-soa-tk-kelompok3-main\\gateway-service\\vendor\\phpunit\\phpunit\\src\\Framework\\TestRunner\\TestRunner.php(87): PHPUnit\\Framework\\TestCase->runBare()
#44 C:\\Users\\Lukman\\Documents\\ar\\uas-soa-tk-kelompok3-main\\gateway-service\\vendor\\phpunit\\phpunit\\src\\Framework\\TestCase.php(361): PHPUnit\\Framework\\TestRunner->run(Object(Tests\\Feature\\GatewayControllerTest))
#45 C:\\Users\\Lukman\\Documents\\ar\\uas-soa-tk-kelompok3-main\\gateway-service\\vendor\\phpunit\\phpunit\\src\\Framework\\TestSuite.php(369): PHPUnit\\Framework\\TestCase->run()
#46 C:\\Users\\Lukman\\Documents\\ar\\uas-soa-tk-kelompok3-main\\gateway-service\\vendor\\phpunit\\phpunit\\src\\Framework\\TestSuite.php(369): PHPUnit\\Framework\\TestSuite->run()
#47 C:\\Users\\Lukman\\Documents\\ar\\uas-soa-tk-kelompok3-main\\gateway-service\\vendor\\phpunit\\phpunit\\src\\Framework\\TestSuite.php(369): PHPUnit\\Framework\\TestSuite->run()
#48 C:\\Users\\Lukman\\Documents\\ar\\uas-soa-tk-kelompok3-main\\gateway-service\\vendor\\phpunit\\phpunit\\src\\TextUI\\TestRunner.php(64): PHPUnit\\Framework\\TestSuite->run()
#49 C:\\Users\\Lukman\\Documents\\ar\\uas-soa-tk-kelompok3-main\\gateway-service\\vendor\\phpunit\\phpunit\\src\\TextUI\\Application.php(211): PHPUnit\\TextUI\\TestRunner->run(Object(PHPUnit\\TextUI\\Configuration\\Configuration), Object(PHPUnit\\Runner\\ResultCache\\DefaultResultCache), Object(PHPUnit\\Framework\\TestSuite))
#50 C:\\Users\\Lukman\\Documents\\ar\\uas-soa-tk-kelompok3-main\\gateway-service\\vendor\\phpunit\\phpunit\\phpunit(104): PHPUnit\\TextUI\\Application->run(Array)
#51 {main}
"} 
[2025-12-18 02:01:04] laravel.EMERGENCY: Unable to create configured logger. Using emergency logger. {"exception":"[object] (InvalidArgumentException(code: 0): Log [] is not defined. at C:\\Users\\alfar\\Downloads\\uas-soa-tk-kelompok3-main (2)\\uas-soa-tk-kelompok3-main\\gateway-service\\vendor\\laravel\\framework\\src\\Illuminate\\Log\\LogManager.php:222)
[stacktrace]
#0 C:\\Users\\alfar\\Downloads\\uas-soa-tk-kelompok3-main (2)\\uas-soa-tk-kelompok3-main\\gateway-service\\vendor\\laravel\\framework\\src\\Illuminate\\Log\\LogManager.php(138): Illuminate\\Log\\LogManager->resolve(NULL, NULL)
#1 C:\\Users\\alfar\\Downloads\\uas-soa-tk-kelompok3-main (2)\\uas-soa-tk-kelompok3-main\\gateway-service\\vendor\\laravel\\framework\\src\\Illuminate\\Log\\LogManager.php(125): Illuminate\\Log\\LogManager->get(NULL)
#2 C:\\Users\\alfar\\Downloads\\uas-soa-tk-kelompok3-main (2)\\uas-soa-tk-kelompok3-main\\gateway-service\\vendor\\laravel\\framework\\src\\Illuminate\\Log\\LogManager.php(703): Illuminate\\Log\\LogManager->driver()
#3 C:\\Users\\alfar\\Downloads\\uas-soa-tk-kelompok3-main (2)\\uas-soa-tk-kelompok3-main\\gateway-service\\vendor\\laravel\\framework\\src\\Illuminate\\Foundation\\Exceptions\\Handler.php(402): Illuminate\\Log\\LogManager->error('Class \"Tymon\\\\JW...', Array)
#4 C:\\Users\\alfar\\Downloads\\uas-soa-tk-kelompok3-main (2)\\uas-soa-tk-kelompok3-main\\gateway-service\\vendor\\laravel\\framework\\src\\Illuminate\\Foundation\\Exceptions\\Handler.php(365): Illuminate\\Foundation\\Exceptions\\Handler->reportThrowable(Object(Error))
#5 C:\\Users\\alfar\\Downloads\\uas-soa-tk-kelompok3-main (2)\\uas-soa-tk-kelompok3-main\\gateway-service\\vendor\\laravel\\framework\\src\\Illuminate\\Foundation\\Http\\Kernel.php(562): Illuminate\\Foundation\\Exceptions\\Handler->report(Object(Error))
#6 C:\\Users\\alfar\\Downloads\\uas-soa-tk-kelompok3-main (2)\\uas-soa-tk-kelompok3-main\\gateway-service\\vendor\\laravel\\framework\\src\\Illuminate\\Foundation\\Http\\Kernel.php(146): Illuminate\\Foundation\\Http\\Kernel->reportException(Object(Error))
#7 C:\\Users\\alfar\\Downloads\\uas-soa-tk-kelompok3-main (2)\\uas-soa-tk-kelompok3-main\\gateway-service\\vendor\\laravel\\framework\\src\\Illuminate\\Foundation\\Application.php(1220): Illuminate\\Foundation\\Http\\Kernel->handle(Object(Illuminate\\Http\\Request))
#8 C:\\Users\\alfar\\Downloads\\uas-soa-tk-kelompok3-main (2)\\uas-soa-tk-kelompok3-main\\gateway-service\\public\\index.php(20): Illuminate\\Foundation\\Application->handleRequest(Object(Illuminate\\Http\\Request))
#9 C:\\Users\\alfar\\Downloads\\uas-soa-tk-kelompok3-main (2)\\uas-soa-tk-kelompok3-main\\gateway-service\\vendor\\laravel\\framework\\src\\Illuminate\\Foundation\\resources\\server.php(23): require_once('C:\\\\Users\\\\alfar\\\\...')
#10 {main}
"} 
[2025-12-18 02:01:04] laravel.ERROR: Class "Tymon\JWTAuth\Providers\JWT\Provider" not found {"exception":"[object] (Error(code: 0): Class \"Tymon\\JWTAuth\\Providers\\JWT\\Provider\" not found at C:\\Users\\alfar\\Downloads\\uas-soa-tk-kelompok3-main (2)\\uas-soa-tk-kelompok3-main\\gateway-service\\config\\jwt.php:134)
[stacktrace]
#0 C:\\Users\\alfar\\Downloads\\uas-soa-tk-kelompok3-main (2)\\uas-soa-tk-kelompok3-main\\gateway-service\\vendor\\laravel\\framework\\src\\Illuminate\\Foundation\\Bootstrap\\LoadConfiguration.php(115): require()
#1 C:\\Users\\alfar\\Downloads\\uas-soa-tk-kelompok3-main (2)\\uas-soa-tk-kelompok3-main\\gateway-service\\vendor\\laravel\\framework\\src\\Illuminate\\Foundation\\Bootstrap\\LoadConfiguration.php(115): Illuminate\\Foundation\\Bootstrap\\LoadConfiguration->Illuminate\\Foundation\\Bootstrap\\{closure}()
#2 C:\\Users\\alfar\\Downloads\\uas-soa-tk-kelompok3-main (2)\\uas-soa-tk-kelompok3-main\\gateway-service\\vendor\\laravel\\framework\\src\\Illuminate\\Foundation\\Bootstrap\\LoadConfiguration.php(96): Illuminate\\Foundation\\Bootstrap\\LoadConfiguration->loadConfigurationFile(Object(Illuminate\\Config\\Repository), 'jwt', 'C:\\\\Users\\\\alfar\\\\...', Array)
#3 C:\\Users\\alfar\\Downloads\\uas-soa-tk-kelompok3-main (2)\\uas-soa-tk-kelompok3-main\\gateway-service\\vendor\\laravel\\framework\\src\\Illuminate\\Foundation\\Bootstrap\\LoadConfiguration.php(55): Illuminate\\Foundation\\Bootstrap\\LoadConfiguration->loadConfigurationFiles(Object(Illuminate\\Foundation\\Application), Object(Illuminate\\Config\\Repository))
#4 C:\\Users\\alfar\\Downloads\\uas-soa-tk-kelompok3-main (2)\\uas-soa-tk-kelompok3-main\\gateway-service\\vendor\\laravel\\framework\\src\\Illuminate\\Foundation\\Application.php(342): Illuminate\\Foundation\\Bootstrap\\LoadConfiguration->bootstrap(Object(Illuminate\\Foundation\\Application))
#5 C:\\Users\\alfar\\Downloads\\uas-soa-tk-kelompok3-main (2)\\uas-soa-tk-kelompok3-main\\gateway-service\\vendor\\laravel\\framework\\src\\Illuminate\\Foundation\\Http\\Kernel.php(186): Illuminate\\Foundation\\Application->bootstrapWith(Array)
#6 C:\\Users\\alfar\\Downloads\\uas-soa-tk-kelompok3-main (2)\\uas-soa-tk-kelompok3-main\\gateway-service\\vendor\\laravel\\framework\\src\\Illuminate\\Foundation\\Http\\Kernel.php(170): Illuminate\\Foundation\\Http\\Kernel->bootstrap()
#7 C:\\Users\\alfar\\Downloads\\uas-soa-tk-kelompok3-main (2)\\uas-soa-tk-kelompok3-main\\gateway-service\\vendor\\laravel\\framework\\src\\Illuminate\\Foundation\\Http\\Kernel.php(144): Illuminate\\Foundation\\Http\\Kernel->sendRequestThroughRouter(Object(Illuminate\\Http\\Request))
#8 C:\\Users\\alfar\\Downloads\\uas-soa-tk-kelompok3-main (2)\\uas-soa-tk-kelompok3-main\\gateway-service\\vendor\\laravel\\framework\\src\\Illuminate\\Foundation\\Application.php(1220): Illuminate\\Foundation\\Http\\Kernel->handle(Object(Illuminate\\Http\\Request))
#9 C:\\Users\\alfar\\Downloads\\uas-soa-tk-kelompok3-main (2)\\uas-soa-tk-kelompok3-main\\gateway-service\\public\\index.php(20): Illuminate\\Foundation\\Application->handleRequest(Object(Illuminate\\Http\\Request))
#10 C:\\Users\\alfar\\Downloads\\uas-soa-tk-kelompok3-main (2)\\uas-soa-tk-kelompok3-main\\gateway-service\\vendor\\laravel\\framework\\src\\Illuminate\\Foundation\\resources\\server.php(23): require_once('C:\\\\Users\\\\alfar\\\\...')
#11 {main}
"} 
[2025-12-18 02:01:11] laravel.EMERGENCY: Unable to create configured logger. Using emergency logger. {"exception":"[object] (InvalidArgumentException(code: 0): Log [] is not defined. at C:\\Users\\alfar\\Downloads\\uas-soa-tk-kelompok3-main (2)\\uas-soa-tk-kelompok3-main\\gateway-service\\vendor\\laravel\\framework\\src\\Illuminate\\Log\\LogManager.php:222)
[stacktrace]
#0 C:\\Users\\alfar\\Downloads\\uas-soa-tk-kelompok3-main (2)\\uas-soa-tk-kelompok3-main\\gateway-service\\vendor\\laravel\\framework\\src\\Illuminate\\Log\\LogManager.php(138): Illuminate\\Log\\LogManager->resolve(NULL, NULL)
#1 C:\\Users\\alfar\\Downloads\\uas-soa-tk-kelompok3-main (2)\\uas-soa-tk-kelompok3-main\\gateway-service\\vendor\\laravel\\framework\\src\\Illuminate\\Log\\LogManager.php(125): Illuminate\\Log\\LogManager->get(NULL)
#2 C:\\Users\\alfar\\Downloads\\uas-soa-tk-kelompok3-main (2)\\uas-soa-tk-kelompok3-main\\gateway-service\\vendor\\laravel\\framework\\src\\Illuminate\\Log\\LogManager.php(703): Illuminate\\Log\\LogManager->driver()
#3 C:\\Users\\alfar\\Downloads\\uas-soa-tk-kelompok3-main (2)\\uas-soa-tk-kelompok3-main\\gateway-service\\vendor\\laravel\\framework\\src\\Illuminate\\Foundation\\Exceptions\\Handler.php(402): Illuminate\\Log\\LogManager->error('Class \"Tymon\\\\JW...', Array)
#4 C:\\Users\\alfar\\Downloads\\uas-soa-tk-kelompok3-main (2)\\uas-soa-tk-kelompok3-main\\gateway-service\\vendor\\laravel\\framework\\src\\Illuminate\\Foundation\\Exceptions\\Handler.php(365): Illuminate\\Foundation\\Exceptions\\Handler->reportThrowable(Object(Error))
#5 C:\\Users\\alfar\\Downloads\\uas-soa-tk-kelompok3-main (2)\\uas-soa-tk-kelompok3-main\\gateway-service\\vendor\\laravel\\framework\\src\\Illuminate\\Foundation\\Http\\Kernel.php(562): Illuminate\\Foundation\\Exceptions\\Handler->report(Object(Error))
#6 C:\\Users\\alfar\\Downloads\\uas-soa-tk-kelompok3-main (2)\\uas-soa-tk-kelompok3-main\\gateway-service\\vendor\\laravel\\framework\\src\\Illuminate\\Foundation\\Http\\Kernel.php(146): Illuminate\\Foundation\\Http\\Kernel->reportException(Object(Error))
#7 C:\\Users\\alfar\\Downloads\\uas-soa-tk-kelompok3-main (2)\\uas-soa-tk-kelompok3-main\\gateway-service\\vendor\\laravel\\framework\\src\\Illuminate\\Foundation\\Application.php(1220): Illuminate\\Foundation\\Http\\Kernel->handle(Object(Illuminate\\Http\\Request))
#8 C:\\Users\\alfar\\Downloads\\uas-soa-tk-kelompok3-main (2)\\uas-soa-tk-kelompok3-main\\gateway-service\\public\\index.php(20): Illuminate\\Foundation\\Application->handleRequest(Object(Illuminate\\Http\\Request))
#9 C:\\Users\\alfar\\Downloads\\uas-soa-tk-kelompok3-main (2)\\uas-soa-tk-kelompok3-main\\gateway-service\\vendor\\laravel\\framework\\src\\Illuminate\\Foundation\\resources\\server.php(23): require_once('C:\\\\Users\\\\alfar\\\\...')
#10 {main}
"} 
[2025-12-18 02:01:11] laravel.ERROR: Class "Tymon\JWTAuth\Providers\JWT\Provider" not found {"exception":"[object] (Error(code: 0): Class \"Tymon\\JWTAuth\\Providers\\JWT\\Provider\" not found at C:\\Users\\alfar\\Downloads\\uas-soa-tk-kelompok3-main (2)\\uas-soa-tk-kelompok3-main\\gateway-service\\config\\jwt.php:134)
[stacktrace]
#0 C:\\Users\\alfar\\Downloads\\uas-soa-tk-kelompok3-main (2)\\uas-soa-tk-kelompok3-main\\gateway-service\\vendor\\laravel\\framework\\src\\Illuminate\\Foundation\\Bootstrap\\LoadConfiguration.php(115): require()
#1 C:\\Users\\alfar\\Downloads\\uas-soa-tk-kelompok3-main (2)\\uas-soa-tk-kelompok3-main\\gateway-service\\vendor\\laravel\\framework\\src\\Illuminate\\Foundation\\Bootstrap\\LoadConfiguration.php(115): Illuminate\\Foundation\\Bootstrap\\LoadConfiguration->Illuminate\\Foundation\\Bootstrap\\{closure}()
#2 C:\\Users\\alfar\\Downloads\\uas-soa-tk-kelompok3-main (2)\\uas-soa-tk-kelompok3-main\\gateway-service\\vendor\\laravel\\framework\\src\\Illuminate\\Foundation\\Bootstrap\\LoadConfiguration.php(96): Illuminate\\Foundation\\Bootstrap\\LoadConfiguration->loadConfigurationFile(Object(Illuminate\\Config\\Repository), 'jwt', 'C:\\\\Users\\\\alfar\\\\...', Array)
#3 C:\\Users\\alfar\\Downloads\\uas-soa-tk-kelompok3-main (2)\\uas-soa-tk-kelompok3-main\\gateway-service\\vendor\\laravel\\framework\\src\\Illuminate\\Foundation\\Bootstrap\\LoadConfiguration.php(55): Illuminate\\Foundation\\Bootstrap\\LoadConfiguration->loadConfigurationFiles(Object(Illuminate\\Foundation\\Application), Object(Illuminate\\Config\\Repository))
#4 C:\\Users\\alfar\\Downloads\\uas-soa-tk-kelompok3-main (2)\\uas-soa-tk-kelompok3-main\\gateway-service\\vendor\\laravel\\framework\\src\\Illuminate\\Foundation\\Application.php(342): Illuminate\\Foundation\\Bootstrap\\LoadConfiguration->bootstrap(Object(Illuminate\\Foundation\\Application))
#5 C:\\Users\\alfar\\Downloads\\uas-soa-tk-kelompok3-main (2)\\uas-soa-tk-kelompok3-main\\gateway-service\\vendor\\laravel\\framework\\src\\Illuminate\\Foundation\\Http\\Kernel.php(186): Illuminate\\Foundation\\Application->bootstrapWith(Array)
#6 C:\\Users\\alfar\\Downloads\\uas-soa-tk-kelompok3-main (2)\\uas-soa-tk-kelompok3-main\\gateway-service\\vendor\\laravel\\framework\\src\\Illuminate\\Foundation\\Http\\Kernel.php(170): Illuminate\\Foundation\\Http\\Kernel->bootstrap()
#7 C:\\Users\\alfar\\Downloads\\uas-soa-tk-kelompok3-main (2)\\uas-soa-tk-kelompok3-main\\gateway-service\\vendor\\laravel\\framework\\src\\Illuminate\\Foundation\\Http\\Kernel.php(144): Illuminate\\Foundation\\Http\\Kernel->sendRequestThroughRouter(Object(Illuminate\\Http\\Request))
#8 C:\\Users\\alfar\\Downloads\\uas-soa-tk-kelompok3-main (2)\\uas-soa-tk-kelompok3-main\\gateway-service\\vendor\\laravel\\framework\\src\\Illuminate\\Foundation\\Application.php(1220): Illuminate\\Foundation\\Http\\Kernel->handle(Object(Illuminate\\Http\\Request))
#9 C:\\Users\\alfar\\Downloads\\uas-soa-tk-kelompok3-main (2)\\uas-soa-tk-kelompok3-main\\gateway-service\\public\\index.php(20): Illuminate\\Foundation\\Application->handleRequest(Object(Illuminate\\Http\\Request))
#10 C:\\Users\\alfar\\Downloads\\uas-soa-tk-kelompok3-main (2)\\uas-soa-tk-kelompok3-main\\gateway-service\\vendor\\laravel\\framework\\src\\Illuminate\\Foundation\\resources\\server.php(23): require_once('C:\\\\Users\\\\alfar\\\\...')
#11 {main}
"} 
[2025-12-18 02:01:12] laravel.EMERGENCY: Unable to create configured logger. Using emergency logger. {"exception":"[object] (InvalidArgumentException(code: 0): Log [] is not defined. at C:\\Users\\alfar\\Downloads\\uas-soa-tk-kelompok3-main (2)\\uas-soa-tk-kelompok3-main\\gateway-service\\vendor\\laravel\\framework\\src\\Illuminate\\Log\\LogManager.php:222)
[stacktrace]
#0 C:\\Users\\alfar\\Downloads\\uas-soa-tk-kelompok3-main (2)\\uas-soa-tk-kelompok3-main\\gateway-service\\vendor\\laravel\\framework\\src\\Illuminate\\Log\\LogManager.php(138): Illuminate\\Log\\LogManager->resolve(NULL, NULL)
#1 C:\\Users\\alfar\\Downloads\\uas-soa-tk-kelompok3-main (2)\\uas-soa-tk-kelompok3-main\\gateway-service\\vendor\\laravel\\framework\\src\\Illuminate\\Log\\LogManager.php(125): Illuminate\\Log\\LogManager->get(NULL)
#2 C:\\Users\\alfar\\Downloads\\uas-soa-tk-kelompok3-main (2)\\uas-soa-tk-kelompok3-main\\gateway-service\\vendor\\laravel\\framework\\src\\Illuminate\\Log\\LogManager.php(703): Illuminate\\Log\\LogManager->driver()
#3 C:\\Users\\alfar\\Downloads\\uas-soa-tk-kelompok3-main (2)\\uas-soa-tk-kelompok3-main\\gateway-service\\vendor\\laravel\\framework\\src\\Illuminate\\Foundation\\Exceptions\\Handler.php(402): Illuminate\\Log\\LogManager->error('Class \"Tymon\\\\JW...', Array)
#4 C:\\Users\\alfar\\Downloads\\uas-soa-tk-kelompok3-main (2)\\uas-soa-tk-kelompok3-main\\gateway-service\\vendor\\laravel\\framework\\src\\Illuminate\\Foundation\\Exceptions\\Handler.php(365): Illuminate\\Foundation\\Exceptions\\Handler->reportThrowable(Object(Error))
#5 C:\\Users\\alfar\\Downloads\\uas-soa-tk-kelompok3-main (2)\\uas-soa-tk-kelompok3-main\\gateway-service\\vendor\\laravel\\framework\\src\\Illuminate\\Foundation\\Http\\Kernel.php(562): Illuminate\\Foundation\\Exceptions\\Handler->report(Object(Error))
#6 C:\\Users\\alfar\\Downloads\\uas-soa-tk-kelompok3-main (2)\\uas-soa-tk-kelompok3-main\\gateway-service\\vendor\\laravel\\framework\\src\\Illuminate\\Foundation\\Http\\Kernel.php(146): Illuminate\\Foundation\\Http\\Kernel->reportException(Object(Error))
#7 C:\\Users\\alfar\\Downloads\\uas-soa-tk-kelompok3-main (2)\\uas-soa-tk-kelompok3-main\\gateway-service\\vendor\\laravel\\framework\\src\\Illuminate\\Foundation\\Application.php(1220): Illuminate\\Foundation\\Http\\Kernel->handle(Object(Illuminate\\Http\\Request))
#8 C:\\Users\\alfar\\Downloads\\uas-soa-tk-kelompok3-main (2)\\uas-soa-tk-kelompok3-main\\gateway-service\\public\\index.php(20): Illuminate\\Foundation\\Application->handleRequest(Object(Illuminate\\Http\\Request))
#9 C:\\Users\\alfar\\Downloads\\uas-soa-tk-kelompok3-main (2)\\uas-soa-tk-kelompok3-main\\gateway-service\\vendor\\laravel\\framework\\src\\Illuminate\\Foundation\\resources\\server.php(23): require_once('C:\\\\Users\\\\alfar\\\\...')
#10 {main}
"} 
[2025-12-18 02:01:12] laravel.ERROR: Class "Tymon\JWTAuth\Providers\JWT\Provider" not found {"exception":"[object] (Error(code: 0): Class \"Tymon\\JWTAuth\\Providers\\JWT\\Provider\" not found at C:\\Users\\alfar\\Downloads\\uas-soa-tk-kelompok3-main (2)\\uas-soa-tk-kelompok3-main\\gateway-service\\config\\jwt.php:134)
[stacktrace]
#0 C:\\Users\\alfar\\Downloads\\uas-soa-tk-kelompok3-main (2)\\uas-soa-tk-kelompok3-main\\gateway-service\\vendor\\laravel\\framework\\src\\Illuminate\\Foundation\\Bootstrap\\LoadConfiguration.php(115): require()
#1 C:\\Users\\alfar\\Downloads\\uas-soa-tk-kelompok3-main (2)\\uas-soa-tk-kelompok3-main\\gateway-service\\vendor\\laravel\\framework\\src\\Illuminate\\Foundation\\Bootstrap\\LoadConfiguration.php(115): Illuminate\\Foundation\\Bootstrap\\LoadConfiguration->Illuminate\\Foundation\\Bootstrap\\{closure}()
#2 C:\\Users\\alfar\\Downloads\\uas-soa-tk-kelompok3-main (2)\\uas-soa-tk-kelompok3-main\\gateway-service\\vendor\\laravel\\framework\\src\\Illuminate\\Foundation\\Bootstrap\\LoadConfiguration.php(96): Illuminate\\Foundation\\Bootstrap\\LoadConfiguration->loadConfigurationFile(Object(Illuminate\\Config\\Repository), 'jwt', 'C:\\\\Users\\\\alfar\\\\...', Array)
#3 C:\\Users\\alfar\\Downloads\\uas-soa-tk-kelompok3-main (2)\\uas-soa-tk-kelompok3-main\\gateway-service\\vendor\\laravel\\framework\\src\\Illuminate\\Foundation\\Bootstrap\\LoadConfiguration.php(55): Illuminate\\Foundation\\Bootstrap\\LoadConfiguration->loadConfigurationFiles(Object(Illuminate\\Foundation\\Application), Object(Illuminate\\Config\\Repository))
#4 C:\\Users\\alfar\\Downloads\\uas-soa-tk-kelompok3-main (2)\\uas-soa-tk-kelompok3-main\\gateway-service\\vendor\\laravel\\framework\\src\\Illuminate\\Foundation\\Application.php(342): Illuminate\\Foundation\\Bootstrap\\LoadConfiguration->bootstrap(Object(Illuminate\\Foundation\\Application))
#5 C:\\Users\\alfar\\Downloads\\uas-soa-tk-kelompok3-main (2)\\uas-soa-tk-kelompok3-main\\gateway-service\\vendor\\laravel\\framework\\src\\Illuminate\\Foundation\\Http\\Kernel.php(186): Illuminate\\Foundation\\Application->bootstrapWith(Array)
#6 C:\\Users\\alfar\\Downloads\\uas-soa-tk-kelompok3-main (2)\\uas-soa-tk-kelompok3-main\\gateway-service\\vendor\\laravel\\framework\\src\\Illuminate\\Foundation\\Http\\Kernel.php(170): Illuminate\\Foundation\\Http\\Kernel->bootstrap()
#7 C:\\Users\\alfar\\Downloads\\uas-soa-tk-kelompok3-main (2)\\uas-soa-tk-kelompok3-main\\gateway-service\\vendor\\laravel\\framework\\src\\Illuminate\\Foundation\\Http\\Kernel.php(144): Illuminate\\Foundation\\Http\\Kernel->sendRequestThroughRouter(Object(Illuminate\\Http\\Request))
#8 C:\\Users\\alfar\\Downloads\\uas-soa-tk-kelompok3-main (2)\\uas-soa-tk-kelompok3-main\\gateway-service\\vendor\\laravel\\framework\\src\\Illuminate\\Foundation\\Application.php(1220): Illuminate\\Foundation\\Http\\Kernel->handle(Object(Illuminate\\Http\\Request))
#9 C:\\Users\\alfar\\Downloads\\uas-soa-tk-kelompok3-main (2)\\uas-soa-tk-kelompok3-main\\gateway-service\\public\\index.php(20): Illuminate\\Foundation\\Application->handleRequest(Object(Illuminate\\Http\\Request))
#10 C:\\Users\\alfar\\Downloads\\uas-soa-tk-kelompok3-main (2)\\uas-soa-tk-kelompok3-main\\gateway-service\\vendor\\laravel\\framework\\src\\Illuminate\\Foundation\\resources\\server.php(23): require_once('C:\\\\Users\\\\alfar\\\\...')
#11 {main}
"} 
[2025-12-18 02:01:27] laravel.EMERGENCY: Unable to create configured logger. Using emergency logger. {"exception":"[object] (InvalidArgumentException(code: 0): Log [] is not defined. at C:\\Users\\alfar\\Downloads\\uas-soa-tk-kelompok3-main (2)\\uas-soa-tk-kelompok3-main\\gateway-service\\vendor\\laravel\\framework\\src\\Illuminate\\Log\\LogManager.php:222)
[stacktrace]
#0 C:\\Users\\alfar\\Downloads\\uas-soa-tk-kelompok3-main (2)\\uas-soa-tk-kelompok3-main\\gateway-service\\vendor\\laravel\\framework\\src\\Illuminate\\Log\\LogManager.php(138): Illuminate\\Log\\LogManager->resolve(NULL, NULL)
#1 C:\\Users\\alfar\\Downloads\\uas-soa-tk-kelompok3-main (2)\\uas-soa-tk-kelompok3-main\\gateway-service\\vendor\\laravel\\framework\\src\\Illuminate\\Log\\LogManager.php(125): Illuminate\\Log\\LogManager->get(NULL)
#2 C:\\Users\\alfar\\Downloads\\uas-soa-tk-kelompok3-main (2)\\uas-soa-tk-kelompok3-main\\gateway-service\\vendor\\laravel\\framework\\src\\Illuminate\\Log\\LogManager.php(703): Illuminate\\Log\\LogManager->driver()
#3 C:\\Users\\alfar\\Downloads\\uas-soa-tk-kelompok3-main (2)\\uas-soa-tk-kelompok3-main\\gateway-service\\vendor\\laravel\\framework\\src\\Illuminate\\Foundation\\Exceptions\\Handler.php(402): Illuminate\\Log\\LogManager->error('Class \"Tymon\\\\JW...', Array)
#4 C:\\Users\\alfar\\Downloads\\uas-soa-tk-kelompok3-main (2)\\uas-soa-tk-kelompok3-main\\gateway-service\\vendor\\laravel\\framework\\src\\Illuminate\\Foundation\\Exceptions\\Handler.php(365): Illuminate\\Foundation\\Exceptions\\Handler->reportThrowable(Object(Error))
#5 C:\\Users\\alfar\\Downloads\\uas-soa-tk-kelompok3-main (2)\\uas-soa-tk-kelompok3-main\\gateway-service\\vendor\\laravel\\framework\\src\\Illuminate\\Foundation\\Http\\Kernel.php(562): Illuminate\\Foundation\\Exceptions\\Handler->report(Object(Error))
#6 C:\\Users\\alfar\\Downloads\\uas-soa-tk-kelompok3-main (2)\\uas-soa-tk-kelompok3-main\\gateway-service\\vendor\\laravel\\framework\\src\\Illuminate\\Foundation\\Http\\Kernel.php(146): Illuminate\\Foundation\\Http\\Kernel->reportException(Object(Error))
#7 C:\\Users\\alfar\\Downloads\\uas-soa-tk-kelompok3-main (2)\\uas-soa-tk-kelompok3-main\\gateway-service\\vendor\\laravel\\framework\\src\\Illuminate\\Foundation\\Application.php(1220): Illuminate\\Foundation\\Http\\Kernel->handle(Object(Illuminate\\Http\\Request))
#8 C:\\Users\\alfar\\Downloads\\uas-soa-tk-kelompok3-main (2)\\uas-soa-tk-kelompok3-main\\gateway-service\\public\\index.php(20): Illuminate\\Foundation\\Application->handleRequest(Object(Illuminate\\Http\\Request))
#9 C:\\Users\\alfar\\Downloads\\uas-soa-tk-kelompok3-main (2)\\uas-soa-tk-kelompok3-main\\gateway-service\\vendor\\laravel\\framework\\src\\Illuminate\\Foundation\\resources\\server.php(23): require_once('C:\\\\Users\\\\alfar\\\\...')
#10 {main}
"} 
[2025-12-18 02:01:27] laravel.ERROR: Class "Tymon\JWTAuth\Providers\JWT\Provider" not found {"exception":"[object] (Error(code: 0): Class \"Tymon\\JWTAuth\\Providers\\JWT\\Provider\" not found at C:\\Users\\alfar\\Downloads\\uas-soa-tk-kelompok3-main (2)\\uas-soa-tk-kelompok3-main\\gateway-service\\config\\jwt.php:134)
[stacktrace]
#0 C:\\Users\\alfar\\Downloads\\uas-soa-tk-kelompok3-main (2)\\uas-soa-tk-kelompok3-main\\gateway-service\\vendor\\laravel\\framework\\src\\Illuminate\\Foundation\\Bootstrap\\LoadConfiguration.php(115): require()
#1 C:\\Users\\alfar\\Downloads\\uas-soa-tk-kelompok3-main (2)\\uas-soa-tk-kelompok3-main\\gateway-service\\vendor\\laravel\\framework\\src\\Illuminate\\Foundation\\Bootstrap\\LoadConfiguration.php(115): Illuminate\\Foundation\\Bootstrap\\LoadConfiguration->Illuminate\\Foundation\\Bootstrap\\{closure}()
#2 C:\\Users\\alfar\\Downloads\\uas-soa-tk-kelompok3-main (2)\\uas-soa-tk-kelompok3-main\\gateway-service\\vendor\\laravel\\framework\\src\\Illuminate\\Foundation\\Bootstrap\\LoadConfiguration.php(96): Illuminate\\Foundation\\Bootstrap\\LoadConfiguration->loadConfigurationFile(Object(Illuminate\\Config\\Repository), 'jwt', 'C:\\\\Users\\\\alfar\\\\...', Array)
#3 C:\\Users\\alfar\\Downloads\\uas-soa-tk-kelompok3-main (2)\\uas-soa-tk-kelompok3-main\\gateway-service\\vendor\\laravel\\framework\\src\\Illuminate\\Foundation\\Bootstrap\\LoadConfiguration.php(55): Illuminate\\Foundation\\Bootstrap\\LoadConfiguration->loadConfigurationFiles(Object(Illuminate\\Foundation\\Application), Object(Illuminate\\Config\\Repository))
#4 C:\\Users\\alfar\\Downloads\\uas-soa-tk-kelompok3-main (2)\\uas-soa-tk-kelompok3-main\\gateway-service\\vendor\\laravel\\framework\\src\\Illuminate\\Foundation\\Application.php(342): Illuminate\\Foundation\\Bootstrap\\LoadConfiguration->bootstrap(Object(Illuminate\\Foundation\\Application))
#5 C:\\Users\\alfar\\Downloads\\uas-soa-tk-kelompok3-main (2)\\uas-soa-tk-kelompok3-main\\gateway-service\\vendor\\laravel\\framework\\src\\Illuminate\\Foundation\\Http\\Kernel.php(186): Illuminate\\Foundation\\Application->bootstrapWith(Array)
#6 C:\\Users\\alfar\\Downloads\\uas-soa-tk-kelompok3-main (2)\\uas-soa-tk-kelompok3-main\\gateway-service\\vendor\\laravel\\framework\\src\\Illuminate\\Foundation\\Http\\Kernel.php(170): Illuminate\\Foundation\\Http\\Kernel->bootstrap()
#7 C:\\Users\\alfar\\Downloads\\uas-soa-tk-kelompok3-main (2)\\uas-soa-tk-kelompok3-main\\gateway-service\\vendor\\laravel\\framework\\src\\Illuminate\\Foundation\\Http\\Kernel.php(144): Illuminate\\Foundation\\Http\\Kernel->sendRequestThroughRouter(Object(Illuminate\\Http\\Request))
#8 C:\\Users\\alfar\\Downloads\\uas-soa-tk-kelompok3-main (2)\\uas-soa-tk-kelompok3-main\\gateway-service\\vendor\\laravel\\framework\\src\\Illuminate\\Foundation\\Application.php(1220): Illuminate\\Foundation\\Http\\Kernel->handle(Object(Illuminate\\Http\\Request))
#9 C:\\Users\\alfar\\Downloads\\uas-soa-tk-kelompok3-main (2)\\uas-soa-tk-kelompok3-main\\gateway-service\\public\\index.php(20): Illuminate\\Foundation\\Application->handleRequest(Object(Illuminate\\Http\\Request))
#10 C:\\Users\\alfar\\Downloads\\uas-soa-tk-kelompok3-main (2)\\uas-soa-tk-kelompok3-main\\gateway-service\\vendor\\laravel\\framework\\src\\Illuminate\\Foundation\\resources\\server.php(23): require_once('C:\\\\Users\\\\alfar\\\\...')
#11 {main}
"} 
[2025-12-18 02:02:34] laravel.EMERGENCY: Unable to create configured logger. Using emergency logger. {"exception":"[object] (InvalidArgumentException(code: 0): Log [] is not defined. at C:\\Users\\alfar\\Downloads\\uas-soa-tk-kelompok3-main (2)\\uas-soa-tk-kelompok3-main\\gateway-service\\vendor\\laravel\\framework\\src\\Illuminate\\Log\\LogManager.php:222)
[stacktrace]
#0 C:\\Users\\alfar\\Downloads\\uas-soa-tk-kelompok3-main (2)\\uas-soa-tk-kelompok3-main\\gateway-service\\vendor\\laravel\\framework\\src\\Illuminate\\Log\\LogManager.php(138): Illuminate\\Log\\LogManager->resolve(NULL, NULL)
#1 C:\\Users\\alfar\\Downloads\\uas-soa-tk-kelompok3-main (2)\\uas-soa-tk-kelompok3-main\\gateway-service\\vendor\\laravel\\framework\\src\\Illuminate\\Log\\LogManager.php(125): Illuminate\\Log\\LogManager->get(NULL)
#2 C:\\Users\\alfar\\Downloads\\uas-soa-tk-kelompok3-main (2)\\uas-soa-tk-kelompok3-main\\gateway-service\\vendor\\laravel\\framework\\src\\Illuminate\\Log\\LogManager.php(703): Illuminate\\Log\\LogManager->driver()
#3 C:\\Users\\alfar\\Downloads\\uas-soa-tk-kelompok3-main (2)\\uas-soa-tk-kelompok3-main\\gateway-service\\vendor\\laravel\\framework\\src\\Illuminate\\Foundation\\Exceptions\\Handler.php(402): Illuminate\\Log\\LogManager->error('Class \"Tymon\\\\JW...', Array)
#4 C:\\Users\\alfar\\Downloads\\uas-soa-tk-kelompok3-main (2)\\uas-soa-tk-kelompok3-main\\gateway-service\\vendor\\laravel\\framework\\src\\Illuminate\\Foundation\\Exceptions\\Handler.php(365): Illuminate\\Foundation\\Exceptions\\Handler->reportThrowable(Object(Error))
#5 C:\\Users\\alfar\\Downloads\\uas-soa-tk-kelompok3-main (2)\\uas-soa-tk-kelompok3-main\\gateway-service\\vendor\\laravel\\framework\\src\\Illuminate\\Foundation\\Console\\Kernel.php(631): Illuminate\\Foundation\\Exceptions\\Handler->report(Object(Error))
#6 C:\\Users\\alfar\\Downloads\\uas-soa-tk-kelompok3-main (2)\\uas-soa-tk-kelompok3-main\\gateway-service\\vendor\\laravel\\framework\\src\\Illuminate\\Foundation\\Console\\Kernel.php(199): Illuminate\\Foundation\\Console\\Kernel->reportException(Object(Error))
#7 C:\\Users\\alfar\\Downloads\\uas-soa-tk-kelompok3-main (2)\\uas-soa-tk-kelompok3-main\\gateway-service\\vendor\\laravel\\framework\\src\\Illuminate\\Foundation\\Application.php(1235): Illuminate\\Foundation\\Console\\Kernel->handle(Object(Symfony\\Component\\Console\\Input\\ArgvInput), Object(Symfony\\Component\\Console\\Output\\ConsoleOutput))
#8 C:\\Users\\alfar\\Downloads\\uas-soa-tk-kelompok3-main (2)\\uas-soa-tk-kelompok3-main\\gateway-service\\artisan(16): Illuminate\\Foundation\\Application->handleCommand(Object(Symfony\\Component\\Console\\Input\\ArgvInput))
#9 {main}
"} 
[2025-12-18 02:02:34] laravel.ERROR: Class "Tymon\JWTAuth\Providers\JWT\Provider" not found {"exception":"[object] (Error(code: 0): Class \"Tymon\\JWTAuth\\Providers\\JWT\\Provider\" not found at C:\\Users\\alfar\\Downloads\\uas-soa-tk-kelompok3-main (2)\\uas-soa-tk-kelompok3-main\\gateway-service\\config\\jwt.php:134)
[stacktrace]
#0 C:\\Users\\alfar\\Downloads\\uas-soa-tk-kelompok3-main (2)\\uas-soa-tk-kelompok3-main\\gateway-service\\vendor\\laravel\\framework\\src\\Illuminate\\Foundation\\Bootstrap\\LoadConfiguration.php(115): require()
#1 C:\\Users\\alfar\\Downloads\\uas-soa-tk-kelompok3-main (2)\\uas-soa-tk-kelompok3-main\\gateway-service\\vendor\\laravel\\framework\\src\\Illuminate\\Foundation\\Bootstrap\\LoadConfiguration.php(115): Illuminate\\Foundation\\Bootstrap\\LoadConfiguration->Illuminate\\Foundation\\Bootstrap\\{closure}()
#2 C:\\Users\\alfar\\Downloads\\uas-soa-tk-kelompok3-main (2)\\uas-soa-tk-kelompok3-main\\gateway-service\\vendor\\laravel\\framework\\src\\Illuminate\\Foundation\\Bootstrap\\LoadConfiguration.php(96): Illuminate\\Foundation\\Bootstrap\\LoadConfiguration->loadConfigurationFile(Object(Illuminate\\Config\\Repository), 'jwt', 'C:\\\\Users\\\\alfar\\\\...', Array)
#3 C:\\Users\\alfar\\Downloads\\uas-soa-tk-kelompok3-main (2)\\uas-soa-tk-kelompok3-main\\gateway-service\\vendor\\laravel\\framework\\src\\Illuminate\\Foundation\\Bootstrap\\LoadConfiguration.php(55): Illuminate\\Foundation\\Bootstrap\\LoadConfiguration->loadConfigurationFiles(Object(Illuminate\\Foundation\\Application), Object(Illuminate\\Config\\Repository))
#4 C:\\Users\\alfar\\Downloads\\uas-soa-tk-kelompok3-main (2)\\uas-soa-tk-kelompok3-main\\gateway-service\\vendor\\laravel\\framework\\src\\Illuminate\\Foundation\\Application.php(342): Illuminate\\Foundation\\Bootstrap\\LoadConfiguration->bootstrap(Object(Illuminate\\Foundation\\Application))
#5 C:\\Users\\alfar\\Downloads\\uas-soa-tk-kelompok3-main (2)\\uas-soa-tk-kelompok3-main\\gateway-service\\vendor\\laravel\\framework\\src\\Illuminate\\Foundation\\Console\\Kernel.php(484): Illuminate\\Foundation\\Application->bootstrapWith(Array)
#6 C:\\Users\\alfar\\Downloads\\uas-soa-tk-kelompok3-main (2)\\uas-soa-tk-kelompok3-main\\gateway-service\\vendor\\laravel\\framework\\src\\Illuminate\\Foundation\\Console\\Kernel.php(195): Illuminate\\Foundation\\Console\\Kernel->bootstrap()
#7 C:\\Users\\alfar\\Downloads\\uas-soa-tk-kelompok3-main (2)\\uas-soa-tk-kelompok3-main\\gateway-service\\vendor\\laravel\\framework\\src\\Illuminate\\Foundation\\Application.php(1235): Illuminate\\Foundation\\Console\\Kernel->handle(Object(Symfony\\Component\\Console\\Input\\ArgvInput), Object(Symfony\\Component\\Console\\Output\\ConsoleOutput))
#8 C:\\Users\\alfar\\Downloads\\uas-soa-tk-kelompok3-main (2)\\uas-soa-tk-kelompok3-main\\gateway-service\\artisan(16): Illuminate\\Foundation\\Application->handleCommand(Object(Symfony\\Component\\Console\\Input\\ArgvInput))
#9 {main}
"} 
[2025-12-18 02:03:30] laravel.EMERGENCY: Unable to create configured logger. Using emergency logger. {"exception":"[object] (InvalidArgumentException(code: 0): Log [] is not defined. at C:\\Users\\alfar\\Downloads\\uas-soa-tk-kelompok3-main (2)\\uas-soa-tk-kelompok3-main\\gateway-service\\vendor\\laravel\\framework\\src\\Illuminate\\Log\\LogManager.php:222)
[stacktrace]
#0 C:\\Users\\alfar\\Downloads\\uas-soa-tk-kelompok3-main (2)\\uas-soa-tk-kelompok3-main\\gateway-service\\vendor\\laravel\\framework\\src\\Illuminate\\Log\\LogManager.php(138): Illuminate\\Log\\LogManager->resolve(NULL, NULL)
#1 C:\\Users\\alfar\\Downloads\\uas-soa-tk-kelompok3-main (2)\\uas-soa-tk-kelompok3-main\\gateway-service\\vendor\\laravel\\framework\\src\\Illuminate\\Log\\LogManager.php(125): Illuminate\\Log\\LogManager->get(NULL)
#2 C:\\Users\\alfar\\Downloads\\uas-soa-tk-kelompok3-main (2)\\uas-soa-tk-kelompok3-main\\gateway-service\\vendor\\laravel\\framework\\src\\Illuminate\\Log\\LogManager.php(703): Illuminate\\Log\\LogManager->driver()
#3 C:\\Users\\alfar\\Downloads\\uas-soa-tk-kelompok3-main (2)\\uas-soa-tk-kelompok3-main\\gateway-service\\vendor\\laravel\\framework\\src\\Illuminate\\Foundation\\Exceptions\\Handler.php(402): Illuminate\\Log\\LogManager->error('Class \"Tymon\\\\JW...', Array)
#4 C:\\Users\\alfar\\Downloads\\uas-soa-tk-kelompok3-main (2)\\uas-soa-tk-kelompok3-main\\gateway-service\\vendor\\laravel\\framework\\src\\Illuminate\\Foundation\\Exceptions\\Handler.php(365): Illuminate\\Foundation\\Exceptions\\Handler->reportThrowable(Object(Error))
#5 C:\\Users\\alfar\\Downloads\\uas-soa-tk-kelompok3-main (2)\\uas-soa-tk-kelompok3-main\\gateway-service\\vendor\\laravel\\framework\\src\\Illuminate\\Foundation\\Console\\Kernel.php(631): Illuminate\\Foundation\\Exceptions\\Handler->report(Object(Error))
#6 C:\\Users\\alfar\\Downloads\\uas-soa-tk-kelompok3-main (2)\\uas-soa-tk-kelompok3-main\\gateway-service\\vendor\\laravel\\framework\\src\\Illuminate\\Foundation\\Console\\Kernel.php(199): Illuminate\\Foundation\\Console\\Kernel->reportException(Object(Error))
#7 C:\\Users\\alfar\\Downloads\\uas-soa-tk-kelompok3-main (2)\\uas-soa-tk-kelompok3-main\\gateway-service\\vendor\\laravel\\framework\\src\\Illuminate\\Foundation\\Application.php(1235): Illuminate\\Foundation\\Console\\Kernel->handle(Object(Symfony\\Component\\Console\\Input\\ArgvInput), Object(Symfony\\Component\\Console\\Output\\ConsoleOutput))
#8 C:\\Users\\alfar\\Downloads\\uas-soa-tk-kelompok3-main (2)\\uas-soa-tk-kelompok3-main\\gateway-service\\artisan(16): Illuminate\\Foundation\\Application->handleCommand(Object(Symfony\\Component\\Console\\Input\\ArgvInput))
#9 {main}
"} 
[2025-12-18 02:03:30] laravel.ERROR: Class "Tymon\JWTAuth\Providers\JWT\Provider" not found {"exception":"[object] (Error(code: 0): Class \"Tymon\\JWTAuth\\Providers\\JWT\\Provider\" not found at C:\\Users\\alfar\\Downloads\\uas-soa-tk-kelompok3-main (2)\\uas-soa-tk-kelompok3-main\\gateway-service\\config\\jwt.php:134)
[stacktrace]
#0 C:\\Users\\alfar\\Downloads\\uas-soa-tk-kelompok3-main (2)\\uas-soa-tk-kelompok3-main\\gateway-service\\vendor\\laravel\\framework\\src\\Illuminate\\Foundation\\Bootstrap\\LoadConfiguration.php(115): require()
#1 C:\\Users\\alfar\\Downloads\\uas-soa-tk-kelompok3-main (2)\\uas-soa-tk-kelompok3-main\\gateway-service\\vendor\\laravel\\framework\\src\\Illuminate\\Foundation\\Bootstrap\\LoadConfiguration.php(115): Illuminate\\Foundation\\Bootstrap\\LoadConfiguration->Illuminate\\Foundation\\Bootstrap\\{closure}()
#2 C:\\Users\\alfar\\Downloads\\uas-soa-tk-kelompok3-main (2)\\uas-soa-tk-kelompok3-main\\gateway-service\\vendor\\laravel\\framework\\src\\Illuminate\\Foundation\\Bootstrap\\LoadConfiguration.php(96): Illuminate\\Foundation\\Bootstrap\\LoadConfiguration->loadConfigurationFile(Object(Illuminate\\Config\\Repository), 'jwt', 'C:\\\\Users\\\\alfar\\\\...', Array)
#3 C:\\Users\\alfar\\Downloads\\uas-soa-tk-kelompok3-main (2)\\uas-soa-tk-kelompok3-main\\gateway-service\\vendor\\laravel\\framework\\src\\Illuminate\\Foundation\\Bootstrap\\LoadConfiguration.php(55): Illuminate\\Foundation\\Bootstrap\\LoadConfiguration->loadConfigurationFiles(Object(Illuminate\\Foundation\\Application), Object(Illuminate\\Config\\Repository))
#4 C:\\Users\\alfar\\Downloads\\uas-soa-tk-kelompok3-main (2)\\uas-soa-tk-kelompok3-main\\gateway-service\\vendor\\laravel\\framework\\src\\Illuminate\\Foundation\\Application.php(342): Illuminate\\Foundation\\Bootstrap\\LoadConfiguration->bootstrap(Object(Illuminate\\Foundation\\Application))
#5 C:\\Users\\alfar\\Downloads\\uas-soa-tk-kelompok3-main (2)\\uas-soa-tk-kelompok3-main\\gateway-service\\vendor\\laravel\\framework\\src\\Illuminate\\Foundation\\Console\\Kernel.php(484): Illuminate\\Foundation\\Application->bootstrapWith(Array)
#6 C:\\Users\\alfar\\Downloads\\uas-soa-tk-kelompok3-main (2)\\uas-soa-tk-kelompok3-main\\gateway-service\\vendor\\laravel\\framework\\src\\Illuminate\\Foundation\\Console\\Kernel.php(195): Illuminate\\Foundation\\Console\\Kernel->bootstrap()
#7 C:\\Users\\alfar\\Downloads\\uas-soa-tk-kelompok3-main (2)\\uas-soa-tk-kelompok3-main\\gateway-service\\vendor\\laravel\\framework\\src\\Illuminate\\Foundation\\Application.php(1235): Illuminate\\Foundation\\Console\\Kernel->handle(Object(Symfony\\Component\\Console\\Input\\ArgvInput), Object(Symfony\\Component\\Console\\Output\\ConsoleOutput))
#8 C:\\Users\\alfar\\Downloads\\uas-soa-tk-kelompok3-main (2)\\uas-soa-tk-kelompok3-main\\gateway-service\\artisan(16): Illuminate\\Foundation\\Application->handleCommand(Object(Symfony\\Component\\Console\\Input\\ArgvInput))
#9 {main}
"} 
[2025-12-18 01:04:08] local.ERROR: Class "Tymon\JWTAuth\Providers\LaravelServiceProvider" not found {"exception":"[object] (Error(code: 0): Class \"Tymon\\JWTAuth\\Providers\\LaravelServiceProvider\" not found at C:\\Users\\alfar\\Downloads\\uas-soa-tk-kelompok3-main (2)\\uas-soa-tk-kelompok3-main\\gateway-service\\vendor\\laravel\\framework\\src\\Illuminate\\Foundation\\Application.php:961)
[stacktrace]
#0 C:\\Users\\alfar\\Downloads\\uas-soa-tk-kelompok3-main (2)\\uas-soa-tk-kelompok3-main\\gateway-service\\vendor\\laravel\\framework\\src\\Illuminate\\Foundation\\Application.php(893): Illuminate\\Foundation\\Application->resolveProvider('Tymon\\\\JWTAuth\\\\P...')
#1 C:\\Users\\alfar\\Downloads\\uas-soa-tk-kelompok3-main (2)\\uas-soa-tk-kelompok3-main\\gateway-service\\vendor\\laravel\\framework\\src\\Illuminate\\Foundation\\ProviderRepository.php(74): Illuminate\\Foundation\\Application->register('Tymon\\\\JWTAuth\\\\P...')
#2 C:\\Users\\alfar\\Downloads\\uas-soa-tk-kelompok3-main (2)\\uas-soa-tk-kelompok3-main\\gateway-service\\vendor\\laravel\\framework\\src\\Illuminate\\Foundation\\Application.php(871): Illuminate\\Foundation\\ProviderRepository->load(Array)
#3 C:\\Users\\alfar\\Downloads\\uas-soa-tk-kelompok3-main (2)\\uas-soa-tk-kelompok3-main\\gateway-service\\vendor\\laravel\\framework\\src\\Illuminate\\Foundation\\Bootstrap\\RegisterProviders.php(37): Illuminate\\Foundation\\Application->registerConfiguredProviders()
#4 C:\\Users\\alfar\\Downloads\\uas-soa-tk-kelompok3-main (2)\\uas-soa-tk-kelompok3-main\\gateway-service\\vendor\\laravel\\framework\\src\\Illuminate\\Foundation\\Application.php(342): Illuminate\\Foundation\\Bootstrap\\RegisterProviders->bootstrap(Object(Illuminate\\Foundation\\Application))
#5 C:\\Users\\alfar\\Downloads\\uas-soa-tk-kelompok3-main (2)\\uas-soa-tk-kelompok3-main\\gateway-service\\vendor\\laravel\\framework\\src\\Illuminate\\Foundation\\Console\\Kernel.php(484): Illuminate\\Foundation\\Application->bootstrapWith(Array)
#6 C:\\Users\\alfar\\Downloads\\uas-soa-tk-kelompok3-main (2)\\uas-soa-tk-kelompok3-main\\gateway-service\\vendor\\laravel\\framework\\src\\Illuminate\\Foundation\\Console\\Kernel.php(195): Illuminate\\Foundation\\Console\\Kernel->bootstrap()
#7 C:\\Users\\alfar\\Downloads\\uas-soa-tk-kelompok3-main (2)\\uas-soa-tk-kelompok3-main\\gateway-service\\vendor\\laravel\\framework\\src\\Illuminate\\Foundation\\Application.php(1235): Illuminate\\Foundation\\Console\\Kernel->handle(Object(Symfony\\Component\\Console\\Input\\ArgvInput), Object(Symfony\\Component\\Console\\Output\\ConsoleOutput))
#8 C:\\Users\\alfar\\Downloads\\uas-soa-tk-kelompok3-main (2)\\uas-soa-tk-kelompok3-main\\gateway-service\\artisan(16): Illuminate\\Foundation\\Application->handleCommand(Object(Symfony\\Component\\Console\\Input\\ArgvInput))
#9 {main}
"} 
[2025-12-18 01:05:50] local.INFO: Incoming request {"correlation_id":"test-gateway-001","method":"GET","url":"http://localhost:8000/api/gateway/siswa/1","ip":"127.0.0.1"} 
[2025-12-18 01:05:50] local.INFO: Gateway: Processing siswa detail request {"correlation_id":"test-gateway-001","siswa_id":"1"} 
[2025-12-18 01:05:50] local.INFO: Gateway: Calling User Service {"correlation_id":"test-gateway-001","url":"http://localhost:8001/api/siswa/1"} 
[2025-12-18 01:05:51] local.INFO: Gateway: Calling Tabungan Service {"correlation_id":"test-gateway-001","url":"http://localhost:8002/api/tabungan/siswa/1"} 
[2025-12-18 01:05:52] local.INFO: Gateway: Successfully aggregated data {"correlation_id":"test-gateway-001","siswa_id":"1"} 
[2025-12-18 01:05:53] local.INFO: Outgoing response {"correlation_id":"test-gateway-001","status":200} 
